Using pre-set license
Built from '2020.3/staging' branch; Version is '2020.3.13f1 (71691879b7f5) revision 7432472'; Using compiler version '192528614'; Build Type 'Release'
OS: 'Windows 10 Home Single Language; OS build 19043.1288; Version 2009; 64bit' Language: 'tr' Physical Memory: 16163 MB
BatchMode: 1, IsHumanControllingUs: 0, StartBugReporterOnCrash: 0, Is64bit: 1, IsPro: 0

 COMMAND LINE ARGUMENTS:
C:\Program Files\Unity\Hub\Editor\2020.3.13f1\Editor\Unity.exe
-adb2
-batchMode
-noUpm
-name
AssetImportWorker0
-projectPath
C:/Users/DopingHafiza/Github/RunnerGame/RunnerGame
-logFile
Logs/AssetImportWorker0.log
-srvPort
55165
Successfully changed project path to: C:/Users/DopingHafiza/Github/RunnerGame/RunnerGame
C:/Users/DopingHafiza/Github/RunnerGame/RunnerGame
Using Asset Import Pipeline V2.
Refreshing native plugins compatible for Editor in 48.58 ms, found 5 plugins.
Preloading 0 native plugins for Editor in 0.00 ms.
Initialize engine version: 2020.3.13f1 (71691879b7f5)
[Subsystems] Discovering subsystems at path C:/Program Files/Unity/Hub/Editor/2020.3.13f1/Editor/Data/Resources/UnitySubsystems
[Subsystems] Discovering subsystems at path C:/Users/DopingHafiza/Github/RunnerGame/RunnerGame/Assets
GfxDevice: creating device client; threaded=0
Direct3D:
    Version:  Direct3D 11.0 [level 11.1]
    Renderer: NVIDIA GeForce RTX 3060 Laptop GPU (ID=0x2520)
    Vendor:   
    VRAM:     6023 MB
    Driver:   27.21.14.6275
Shader 'Universal Render Pipeline/Particles/Lit': fallback shader 'Universal Render Pipeline/Particles/SimpleLit' not found
Initialize mono
Mono path[0] = 'C:/Program Files/Unity/Hub/Editor/2020.3.13f1/Editor/Data/Managed'
Mono path[1] = 'C:/Program Files/Unity/Hub/Editor/2020.3.13f1/Editor/Data/MonoBleedingEdge/lib/mono/unityjit'
Mono config path = 'C:/Program Files/Unity/Hub/Editor/2020.3.13f1/Editor/Data/MonoBleedingEdge/etc'
Using monoOptions --debugger-agent=transport=dt_socket,embedding=1,server=y,suspend=n,address=127.0.0.1:56420
Begin MonoManager ReloadAssembly
Registering precompiled unity dll's ...
Register platform support module: C:/Program Files/Unity/Hub/Editor/2020.3.13f1/Editor/Data/PlaybackEngines/WindowsStandaloneSupport/UnityEditor.WindowsStandalone.Extensions.dll
Registered in 0.001075 seconds.
Native extension for WindowsStandalone target not found
Refreshing native plugins compatible for Editor in 44.17 ms, found 5 plugins.
Preloading 0 native plugins for Editor in 0.00 ms.
Mono: successfully reloaded assembly
- Completed reload, in  1.332 seconds
Platform modules already initialized, skipping
Registering precompiled user dll's ...
Registered in 0.004864 seconds.
Begin MonoManager ReloadAssembly
Error: Could not load signature of Unity.Android.Logcat.AndroidLogcat:.ctor due to: Could not load file or assembly 'UnityEditor.Android.Extensions, Version=1.0.0.0, Culture=neutral, PublicKeyToken=null' or one of its dependencies. assembly:UnityEditor.Android.Extensions, Version=1.0.0.0, Culture=neutral, PublicKeyToken=null type:<unknown type> member:(null) signature:<none>

Could not load signature of Unity.Android.Logcat.AndroidLogcatIPWindow:Show due to: Could not load file or assembly 'UnityEditor.Android.Extensions, Version=1.0.0.0, Culture=neutral, PublicKeyToken=null' or one of its dependencies. assembly:UnityEditor.Android.Extensions, Version=1.0.0.0, Culture=neutral, PublicKeyToken=null type:<unknown type> member:(null) signature:<none>
Could not load signature of Unity.Android.Logcat.AndroidLogcatConsoleWindow:GetAndroidDeviceFromCache due to: Could not load file or assembly 'UnityEditor.Android.Extensions, Version=1.0.0.0, Culture=neutral, PublicKeyToken=null' or one of its dependencies. assembly:UnityEditor.Android.Extensions, Version=1.0.0.0, Culture=neutral, PublicKeyToken=null type:<unknown type> member:(null) signature:<none>
Could not load signature of Unity.Android.Logcat.AndroidLogcatConsoleWindow:GetCachedAdb due to: Could not load file or assembly 'UnityEditor.Android.Extensions, Version=1.0.0.0, Culture=neutral, PublicKeyToken=null' or one of its dependencies. assembly:UnityEditor.Android.Extensions, Version=1.0.0.0, Culture=neutral, PublicKeyToken=null type:<unknown type> member:(null) signature:<none>
Unloading broken assembly Library/ScriptAssemblies/Unity.Mobile.AndroidLogcat.Editor.dll, this assembly can cause crashes in the runtime

Native extension for WindowsStandalone target not found
Refreshing native plugins compatible for Editor in 44.04 ms, found 5 plugins.
Preloading 0 native plugins for Editor in 0.00 ms.
Refreshing native plugins compatible for Editor in 0.62 ms, found 5 plugins.
Mono: successfully reloaded assembly
- Completed reload, in  0.809 seconds
Platform modules already initialized, skipping
========================================================================
Worker process is ready to serve import requests
Shader 'Universal Render Pipeline/Particles/Lit': fallback shader 'Universal Render Pipeline/Particles/SimpleLit' not found
Launched and connected shader compiler UnityShaderCompiler.exe after 0.03 seconds
Refreshing native plugins compatible for Editor in 0.67 ms, found 5 plugins.
Preloading 0 native plugins for Editor in 0.00 ms.
Unloading 3177 Unused Serialized files (Serialized files now loaded: 0)
System memory in use before: 130.3 MB.
System memory in use after: 130.5 MB.

Unloading 54 unused Assets to reduce memory usage. Loaded Objects now: 3598.
Total: 2.053200 ms (FindLiveObjects: 0.189300 ms CreateObjectMapping: 0.057000 ms MarkObjects: 1.717100 ms  DeleteObjects: 0.088900 ms)

AssetImportParameters requested are different than current active one (requested -> active):
  custom:framework-win-MediaFoundation: 216162199b28c13a410421893ffa2e32 -> 
  custom:video-decoder-ogg-theora: a1e56fd34408186e4bbccfd4996cb3dc -> 
  custom:container-muxer-webm: aa71ff27fc2769a1b78a27578f13a17b -> 
  custom:container-demuxer-webm: 4f35f7cbe854078d1ac9338744f61a02 -> 
  custom:container-demuxer-ogg: 62fdf1f143b41e24485cea50d1cbac27 -> 
  custom:video-encoder-webm-vp8: eb34c28f22e8b96e1ab97ce403110664 -> 
  custom:video-decoder-webm-vp8: 9c59270c3fd7afecdb556c50c9e8de78 -> 
  custom:audio-decoder-ogg-vorbis: bf7c407c2cedff20999df2af8eb42d56 -> 
  custom:audio-encoder-webm-vorbis: bf7c407c2cedff20999df2af8eb42d56 -> 
========================================================================
Received Import Request.
  path: Assets/EndlessGame/Prefabs/Tiles/Tile4.prefab
  artifactKey: Guid(d6bd8149991e25e4384212eda5e9957b) Importer(815301076,1909f56bfc062723c751e8b465ee728b)
Start importing Assets/EndlessGame/Prefabs/Tiles/Tile4.prefab using Guid(d6bd8149991e25e4384212eda5e9957b) Importer(815301076,1909f56bfc062723c751e8b465ee728b)  -> (artifact id: '3fdb8ef900c570f5dd8efa6c55073edb') in 0.170596 seconds 
  Import took 0.174941 seconds .

========================================================================
Received Import Request.
  Time since last request: 0.000278 seconds.
  path: Assets/EndlessGame/Prefabs/Tiles/Tile6.prefab
  artifactKey: Guid(bd9389deb3d5b294dab01398b5cad757) Importer(815301076,1909f56bfc062723c751e8b465ee728b)
Start importing Assets/EndlessGame/Prefabs/Tiles/Tile6.prefab using Guid(bd9389deb3d5b294dab01398b5cad757) Importer(815301076,1909f56bfc062723c751e8b465ee728b)  -> (artifact id: '4b835c5a980aa310bd46465333dd037c') in 0.034991 seconds 
  Import took 0.039773 seconds .

========================================================================
Received Prepare
Registering precompiled user dll's ...
Registered in 0.004649 seconds.
Could not load signature of Unity.Android.Logcat.AndroidLogcatIPWindow:Show due to: Could not load file or assembly 'UnityEditor.Android.Extensions, Version=1.0.0.0, Culture=neutral, PublicKeyToken=null' or one of its dependencies. assembly:UnityEditor.Android.Extensions, Version=1.0.0.0, Culture=neutral, PublicKeyToken=null type:<unknown type> member:(null) signature:<none>
Could not load signature of Unity.Android.Logcat.AndroidLogcatConsoleWindow:GetAndroidDeviceFromCache due to: Could not load file or assembly 'UnityEditor.Android.Extensions, Version=1.0.0.0, Culture=neutral, PublicKeyToken=null' or one of its dependencies. assembly:UnityEditor.Android.Extensions, Version=1.0.0.0, Culture=neutral, PublicKeyToken=null type:<unknown type> member:(null) signature:<none>
Could not load signature of Unity.Android.Logcat.AndroidLogcatConsoleWindow:GetCachedAdb due to: Could not load file or assembly 'UnityEditor.Android.Extensions, Version=1.0.0.0, Culture=neutral, PublicKeyToken=null' or one of its dependencies. assembly:UnityEditor.Android.Extensions, Version=1.0.0.0, Culture=neutral, PublicKeyToken=null type:<unknown type> member:(null) signature:<none>
Begin MonoManager ReloadAssembly
Error: Could not load signature of Unity.Android.Logcat.AndroidLogcat:.ctor due to: Could not load file or assembly 'UnityEditor.Android.Extensions, Version=1.0.0.0, Culture=neutral, PublicKeyToken=null' or one of its dependencies. assembly:UnityEditor.Android.Extensions, Version=1.0.0.0, Culture=neutral, PublicKeyToken=null type:<unknown type> member:(null) signature:<none>

Could not load signature of Unity.Android.Logcat.AndroidLogcatConsoleWindow:GetAndroidDeviceFromCache due to: Could not load file or assembly 'UnityEditor.Android.Extensions, Version=1.0.0.0, Culture=neutral, PublicKeyToken=null' or one of its dependencies. assembly:UnityEditor.Android.Extensions, Version=1.0.0.0, Culture=neutral, PublicKeyToken=null type:<unknown type> member:(null) signature:<none>
Could not load signature of Unity.Android.Logcat.AndroidLogcatConsoleWindow:GetCachedAdb due to: Could not load file or assembly 'UnityEditor.Android.Extensions, Version=1.0.0.0, Culture=neutral, PublicKeyToken=null' or one of its dependencies. assembly:UnityEditor.Android.Extensions, Version=1.0.0.0, Culture=neutral, PublicKeyToken=null type:<unknown type> member:(null) signature:<none>
Could not load signature of Unity.Android.Logcat.AndroidLogcatIPWindow:Show due to: Could not load file or assembly 'UnityEditor.Android.Extensions, Version=1.0.0.0, Culture=neutral, PublicKeyToken=null' or one of its dependencies. assembly:UnityEditor.Android.Extensions, Version=1.0.0.0, Culture=neutral, PublicKeyToken=null type:<unknown type> member:(null) signature:<none>
Unloading broken assembly Library/ScriptAssemblies/Unity.Mobile.AndroidLogcat.Editor.dll, this assembly can cause crashes in the runtime

Native extension for WindowsStandalone target not found
Refreshing native plugins compatible for Editor in 0.66 ms, found 5 plugins.
Preloading 0 native plugins for Editor in 0.00 ms.
Mono: successfully reloaded assembly
- Completed reload, in  0.822 seconds
Platform modules already initialized, skipping
Switching build target platform(19) subTarget(0) extendedPlatform(0) -> platform(13) subTarget(537460736) extendedPlatform(0)
Shader 'Universal Render Pipeline/Particles/Lit': fallback shader 'Universal Render Pipeline/Particles/SimpleLit' not found
Refreshing native plugins compatible for Editor in 0.99 ms, found 5 plugins.
Preloading 0 native plugins for Editor in 0.00 ms.
Unloading 3040 Unused Serialized files (Serialized files now loaded: 0)
System memory in use before: 125.9 MB.
System memory in use after: 126.1 MB.

Unloading 45 unused Assets to reduce memory usage. Loaded Objects now: 3658.
Total: 2.378100 ms (FindLiveObjects: 0.187200 ms CreateObjectMapping: 0.068900 ms MarkObjects: 2.016100 ms  DeleteObjects: 0.105300 ms)

AssetImportParameters requested are different than current active one (requested -> active):
  custom:framework-win-MediaFoundation: 216162199b28c13a410421893ffa2e32 -> 
  custom:video-decoder-ogg-theora: a1e56fd34408186e4bbccfd4996cb3dc -> 
  custom:container-muxer-webm: aa71ff27fc2769a1b78a27578f13a17b -> 
  custom:container-demuxer-webm: 4f35f7cbe854078d1ac9338744f61a02 -> 
  custom:container-demuxer-ogg: 62fdf1f143b41e24485cea50d1cbac27 -> 
  custom:video-encoder-webm-vp8: eb34c28f22e8b96e1ab97ce403110664 -> 
  custom:video-decoder-webm-vp8: 9c59270c3fd7afecdb556c50c9e8de78 -> 
  custom:graphics/normal-map-encoding: 01000000000000000000000000000000 -> 02000000000000000000000000000000
  custom:audio-decoder-ogg-vorbis: bf7c407c2cedff20999df2af8eb42d56 -> 
  custom:audio-encoder-webm-vorbis: bf7c407c2cedff20999df2af8eb42d56 -> 
========================================================================
Received Prepare
Registering precompiled user dll's ...
Registered in 0.004741 seconds.
Could not load signature of Unity.Android.Logcat.AndroidLogcatIPWindow:Show due to: Could not load file or assembly 'UnityEditor.Android.Extensions, Version=1.0.0.0, Culture=neutral, PublicKeyToken=null' or one of its dependencies. assembly:UnityEditor.Android.Extensions, Version=1.0.0.0, Culture=neutral, PublicKeyToken=null type:<unknown type> member:(null) signature:<none>
Could not load signature of Unity.Android.Logcat.AndroidLogcatConsoleWindow:GetAndroidDeviceFromCache due to: Could not load file or assembly 'UnityEditor.Android.Extensions, Version=1.0.0.0, Culture=neutral, PublicKeyToken=null' or one of its dependencies. assembly:UnityEditor.Android.Extensions, Version=1.0.0.0, Culture=neutral, PublicKeyToken=null type:<unknown type> member:(null) signature:<none>
Could not load signature of Unity.Android.Logcat.AndroidLogcatConsoleWindow:GetCachedAdb due to: Could not load file or assembly 'UnityEditor.Android.Extensions, Version=1.0.0.0, Culture=neutral, PublicKeyToken=null' or one of its dependencies. assembly:UnityEditor.Android.Extensions, Version=1.0.0.0, Culture=neutral, PublicKeyToken=null type:<unknown type> member:(null) signature:<none>
Begin MonoManager ReloadAssembly
Error: Could not load signature of Unity.Android.Logcat.AndroidLogcat:.ctor due to: Could not load file or assembly 'UnityEditor.Android.Extensions, Version=1.0.0.0, Culture=neutral, PublicKeyToken=null' or one of its dependencies. assembly:UnityEditor.Android.Extensions, Version=1.0.0.0, Culture=neutral, PublicKeyToken=null type:<unknown type> member:(null) signature:<none>

Could not load signature of Unity.Android.Logcat.AndroidLogcatConsoleWindow:GetAndroidDeviceFromCache due to: Could not load file or assembly 'UnityEditor.Android.Extensions, Version=1.0.0.0, Culture=neutral, PublicKeyToken=null' or one of its dependencies. assembly:UnityEditor.Android.Extensions, Version=1.0.0.0, Culture=neutral, PublicKeyToken=null type:<unknown type> member:(null) signature:<none>
Could not load signature of Unity.Android.Logcat.AndroidLogcatConsoleWindow:GetCachedAdb due to: Could not load file or assembly 'UnityEditor.Android.Extensions, Version=1.0.0.0, Culture=neutral, PublicKeyToken=null' or one of its dependencies. assembly:UnityEditor.Android.Extensions, Version=1.0.0.0, Culture=neutral, PublicKeyToken=null type:<unknown type> member:(null) signature:<none>
Could not load signature of Unity.Android.Logcat.AndroidLogcatIPWindow:Show due to: Could not load file or assembly 'UnityEditor.Android.Extensions, Version=1.0.0.0, Culture=neutral, PublicKeyToken=null' or one of its dependencies. assembly:UnityEditor.Android.Extensions, Version=1.0.0.0, Culture=neutral, PublicKeyToken=null type:<unknown type> member:(null) signature:<none>
Unloading broken assembly Library/ScriptAssemblies/Unity.Mobile.AndroidLogcat.Editor.dll, this assembly can cause crashes in the runtime

Native extension for WindowsStandalone target not found
Refreshing native plugins compatible for Editor in 0.67 ms, found 5 plugins.
Preloading 0 native plugins for Editor in 0.00 ms.
Mono: successfully reloaded assembly
- Completed reload, in  0.798 seconds
Platform modules already initialized, skipping
Switching build target platform(19) subTarget(0) extendedPlatform(0) -> platform(13) subTarget(537460736) extendedPlatform(0)
Shader 'Universal Render Pipeline/Particles/Lit': fallback shader 'Universal Render Pipeline/Particles/SimpleLit' not found
Refreshing native plugins compatible for Editor in 0.67 ms, found 5 plugins.
Preloading 0 native plugins for Editor in 0.00 ms.
Unloading 3040 Unused Serialized files (Serialized files now loaded: 0)
System memory in use before: 126.0 MB.
System memory in use after: 126.2 MB.

Unloading 45 unused Assets to reduce memory usage. Loaded Objects now: 3661.
Total: 2.024500 ms (FindLiveObjects: 0.184700 ms CreateObjectMapping: 0.057800 ms MarkObjects: 1.731100 ms  DeleteObjects: 0.050200 ms)

AssetImportParameters requested are different than current active one (requested -> active):
  custom:framework-win-MediaFoundation: 216162199b28c13a410421893ffa2e32 -> 
  custom:video-decoder-ogg-theora: a1e56fd34408186e4bbccfd4996cb3dc -> 
  custom:container-muxer-webm: aa71ff27fc2769a1b78a27578f13a17b -> 
  custom:container-demuxer-webm: 4f35f7cbe854078d1ac9338744f61a02 -> 
  custom:container-demuxer-ogg: 62fdf1f143b41e24485cea50d1cbac27 -> 
  custom:video-encoder-webm-vp8: eb34c28f22e8b96e1ab97ce403110664 -> 
  custom:video-decoder-webm-vp8: 9c59270c3fd7afecdb556c50c9e8de78 -> 
  custom:graphics/normal-map-encoding: 01000000000000000000000000000000 -> 02000000000000000000000000000000
  custom:audio-decoder-ogg-vorbis: bf7c407c2cedff20999df2af8eb42d56 -> 
  custom:audio-encoder-webm-vorbis: bf7c407c2cedff20999df2af8eb42d56 -> 
========================================================================
Received Import Request.
  Time since last request: 303.875543 seconds.
  path: Assets/EndlessGame/Prefabs/Gems/Gem.prefab
  artifactKey: Guid(9641f2555267d314ea73327ad86406f8) Importer(815301076,1909f56bfc062723c751e8b465ee728b)
Start importing Assets/EndlessGame/Prefabs/Gems/Gem.prefab using Guid(9641f2555267d314ea73327ad86406f8) Importer(815301076,1909f56bfc062723c751e8b465ee728b)  -> (artifact id: '526e7e8fb7e9d727afab024e65b1cc8f') in 0.120605 seconds 
  Import took 0.125478 seconds .

========================================================================
Received Prepare
Registering precompiled user dll's ...
Registered in 0.004450 seconds.
Could not load signature of Unity.Android.Logcat.AndroidLogcatIPWindow:Show due to: Could not load file or assembly 'UnityEditor.Android.Extensions, Version=1.0.0.0, Culture=neutral, PublicKeyToken=null' or one of its dependencies. assembly:UnityEditor.Android.Extensions, Version=1.0.0.0, Culture=neutral, PublicKeyToken=null type:<unknown type> member:(null) signature:<none>
Could not load signature of Unity.Android.Logcat.AndroidLogcatConsoleWindow:GetAndroidDeviceFromCache due to: Could not load file or assembly 'UnityEditor.Android.Extensions, Version=1.0.0.0, Culture=neutral, PublicKeyToken=null' or one of its dependencies. assembly:UnityEditor.Android.Extensions, Version=1.0.0.0, Culture=neutral, PublicKeyToken=null type:<unknown type> member:(null) signature:<none>
Could not load signature of Unity.Android.Logcat.AndroidLogcatConsoleWindow:GetCachedAdb due to: Could not load file or assembly 'UnityEditor.Android.Extensions, Version=1.0.0.0, Culture=neutral, PublicKeyToken=null' or one of its dependencies. assembly:UnityEditor.Android.Extensions, Version=1.0.0.0, Culture=neutral, PublicKeyToken=null type:<unknown type> member:(null) signature:<none>
Begin MonoManager ReloadAssembly
Error: Could not load signature of Unity.Android.Logcat.AndroidLogcat:.ctor due to: Could not load file or assembly 'UnityEditor.Android.Extensions, Version=1.0.0.0, Culture=neutral, PublicKeyToken=null' or one of its dependencies. assembly:UnityEditor.Android.Extensions, Version=1.0.0.0, Culture=neutral, PublicKeyToken=null type:<unknown type> member:(null) signature:<none>

Could not load signature of Unity.Android.Logcat.AndroidLogcatConsoleWindow:GetAndroidDeviceFromCache due to: Could not load file or assembly 'UnityEditor.Android.Extensions, Version=1.0.0.0, Culture=neutral, PublicKeyToken=null' or one of its dependencies. assembly:UnityEditor.Android.Extensions, Version=1.0.0.0, Culture=neutral, PublicKeyToken=null type:<unknown type> member:(null) signature:<none>
Could not load signature of Unity.Android.Logcat.AndroidLogcatConsoleWindow:GetCachedAdb due to: Could not load file or assembly 'UnityEditor.Android.Extensions, Version=1.0.0.0, Culture=neutral, PublicKeyToken=null' or one of its dependencies. assembly:UnityEditor.Android.Extensions, Version=1.0.0.0, Culture=neutral, PublicKeyToken=null type:<unknown type> member:(null) signature:<none>
Could not load signature of Unity.Android.Logcat.AndroidLogcatIPWindow:Show due to: Could not load file or assembly 'UnityEditor.Android.Extensions, Version=1.0.0.0, Culture=neutral, PublicKeyToken=null' or one of its dependencies. assembly:UnityEditor.Android.Extensions, Version=1.0.0.0, Culture=neutral, PublicKeyToken=null type:<unknown type> member:(null) signature:<none>
Unloading broken assembly Library/ScriptAssemblies/Unity.Mobile.AndroidLogcat.Editor.dll, this assembly can cause crashes in the runtime

Native extension for WindowsStandalone target not found
Refreshing native plugins compatible for Editor in 0.66 ms, found 5 plugins.
Preloading 0 native plugins for Editor in 0.00 ms.
Mono: successfully reloaded assembly
- Completed reload, in  0.754 seconds
Platform modules already initialized, skipping
Switching build target platform(19) subTarget(0) extendedPlatform(0) -> platform(13) subTarget(537460736) extendedPlatform(0)
Shader 'Universal Render Pipeline/Particles/Lit': fallback shader 'Universal Render Pipeline/Particles/SimpleLit' not found
Refreshing native plugins compatible for Editor in 0.63 ms, found 5 plugins.
Preloading 0 native plugins for Editor in 0.00 ms.
Unloading 3040 Unused Serialized files (Serialized files now loaded: 0)
System memory in use before: 126.1 MB.
System memory in use after: 126.3 MB.

Unloading 45 unused Assets to reduce memory usage. Loaded Objects now: 3711.
Total: 2.156200 ms (FindLiveObjects: 0.186100 ms CreateObjectMapping: 0.054500 ms MarkObjects: 1.860700 ms  DeleteObjects: 0.054100 ms)

AssetImportParameters requested are different than current active one (requested -> active):
  custom:framework-win-MediaFoundation: 216162199b28c13a410421893ffa2e32 -> 
  custom:video-decoder-ogg-theora: a1e56fd34408186e4bbccfd4996cb3dc -> 
  custom:container-muxer-webm: aa71ff27fc2769a1b78a27578f13a17b -> 
  custom:container-demuxer-webm: 4f35f7cbe854078d1ac9338744f61a02 -> 
  custom:container-demuxer-ogg: 62fdf1f143b41e24485cea50d1cbac27 -> 
  custom:video-encoder-webm-vp8: eb34c28f22e8b96e1ab97ce403110664 -> 
  custom:video-decoder-webm-vp8: 9c59270c3fd7afecdb556c50c9e8de78 -> 
  custom:graphics/normal-map-encoding: 01000000000000000000000000000000 -> 02000000000000000000000000000000
  custom:audio-decoder-ogg-vorbis: bf7c407c2cedff20999df2af8eb42d56 -> 
  custom:audio-encoder-webm-vorbis: bf7c407c2cedff20999df2af8eb42d56 -> 
========================================================================
Received Prepare
Registering precompiled user dll's ...
Registered in 0.004733 seconds.
Could not load signature of Unity.Android.Logcat.AndroidLogcatIPWindow:Show due to: Could not load file or assembly 'UnityEditor.Android.Extensions, Version=1.0.0.0, Culture=neutral, PublicKeyToken=null' or one of its dependencies. assembly:UnityEditor.Android.Extensions, Version=1.0.0.0, Culture=neutral, PublicKeyToken=null type:<unknown type> member:(null) signature:<none>
Could not load signature of Unity.Android.Logcat.AndroidLogcatConsoleWindow:GetAndroidDeviceFromCache due to: Could not load file or assembly 'UnityEditor.Android.Extensions, Version=1.0.0.0, Culture=neutral, PublicKeyToken=null' or one of its dependencies. assembly:UnityEditor.Android.Extensions, Version=1.0.0.0, Culture=neutral, PublicKeyToken=null type:<unknown type> member:(null) signature:<none>
Could not load signature of Unity.Android.Logcat.AndroidLogcatConsoleWindow:GetCachedAdb due to: Could not load file or assembly 'UnityEditor.Android.Extensions, Version=1.0.0.0, Culture=neutral, PublicKeyToken=null' or one of its dependencies. assembly:UnityEditor.Android.Extensions, Version=1.0.0.0, Culture=neutral, PublicKeyToken=null type:<unknown type> member:(null) signature:<none>
Begin MonoManager ReloadAssembly
Error: Could not load signature of Unity.Android.Logcat.AndroidLogcat:.ctor due to: Could not load file or assembly 'UnityEditor.Android.Extensions, Version=1.0.0.0, Culture=neutral, PublicKeyToken=null' or one of its dependencies. assembly:UnityEditor.Android.Extensions, Version=1.0.0.0, Culture=neutral, PublicKeyToken=null type:<unknown type> member:(null) signature:<none>

Could not load signature of Unity.Android.Logcat.AndroidLogcatConsoleWindow:GetAndroidDeviceFromCache due to: Could not load file or assembly 'UnityEditor.Android.Extensions, Version=1.0.0.0, Culture=neutral, PublicKeyToken=null' or one of its dependencies. assembly:UnityEditor.Android.Extensions, Version=1.0.0.0, Culture=neutral, PublicKeyToken=null type:<unknown type> member:(null) signature:<none>
Could not load signature of Unity.Android.Logcat.AndroidLogcatConsoleWindow:GetCachedAdb due to: Could not load file or assembly 'UnityEditor.Android.Extensions, Version=1.0.0.0, Culture=neutral, PublicKeyToken=null' or one of its dependencies. assembly:UnityEditor.Android.Extensions, Version=1.0.0.0, Culture=neutral, PublicKeyToken=null type:<unknown type> member:(null) signature:<none>
Could not load signature of Unity.Android.Logcat.AndroidLogcatIPWindow:Show due to: Could not load file or assembly 'UnityEditor.Android.Extensions, Version=1.0.0.0, Culture=neutral, PublicKeyToken=null' or one of its dependencies. assembly:UnityEditor.Android.Extensions, Version=1.0.0.0, Culture=neutral, PublicKeyToken=null type:<unknown type> member:(null) signature:<none>
Unloading broken assembly Library/ScriptAssemblies/Unity.Mobile.AndroidLogcat.Editor.dll, this assembly can cause crashes in the runtime

Native extension for WindowsStandalone target not found
Refreshing native plugins compatible for Editor in 0.65 ms, found 5 plugins.
Preloading 0 native plugins for Editor in 0.00 ms.
Mono: successfully reloaded assembly
- Completed reload, in  0.773 seconds
Platform modules already initialized, skipping
Switching build target platform(19) subTarget(0) extendedPlatform(0) -> platform(13) subTarget(537460736) extendedPlatform(0)
Shader 'Universal Render Pipeline/Particles/Lit': fallback shader 'Universal Render Pipeline/Particles/SimpleLit' not found
Refreshing native plugins compatible for Editor in 0.63 ms, found 5 plugins.
Preloading 0 native plugins for Editor in 0.00 ms.
Unloading 3040 Unused Serialized files (Serialized files now loaded: 0)
System memory in use before: 126.1 MB.
System memory in use after: 126.3 MB.

Unloading 45 unused Assets to reduce memory usage. Loaded Objects now: 3714.
Total: 2.185600 ms (FindLiveObjects: 0.196100 ms CreateObjectMapping: 0.065400 ms MarkObjects: 1.873000 ms  DeleteObjects: 0.050500 ms)

AssetImportParameters requested are different than current active one (requested -> active):
  custom:framework-win-MediaFoundation: 216162199b28c13a410421893ffa2e32 -> 
  custom:video-decoder-ogg-theora: a1e56fd34408186e4bbccfd4996cb3dc -> 
  custom:container-muxer-webm: aa71ff27fc2769a1b78a27578f13a17b -> 
  custom:container-demuxer-webm: 4f35f7cbe854078d1ac9338744f61a02 -> 
  custom:container-demuxer-ogg: 62fdf1f143b41e24485cea50d1cbac27 -> 
  custom:video-encoder-webm-vp8: eb34c28f22e8b96e1ab97ce403110664 -> 
  custom:video-decoder-webm-vp8: 9c59270c3fd7afecdb556c50c9e8de78 -> 
  custom:graphics/normal-map-encoding: 01000000000000000000000000000000 -> 02000000000000000000000000000000
  custom:audio-decoder-ogg-vorbis: bf7c407c2cedff20999df2af8eb42d56 -> 
  custom:audio-encoder-webm-vorbis: bf7c407c2cedff20999df2af8eb42d56 -> 
========================================================================
Received Import Request.
  Time since last request: 417.996424 seconds.
  path: Assets/EndlessGame/Prefabs/Tiles/Tile1.prefab
  artifactKey: Guid(babc7ad294721664fb74706df5827842) Importer(815301076,1909f56bfc062723c751e8b465ee728b)
Start importing Assets/EndlessGame/Prefabs/Tiles/Tile1.prefab using Guid(babc7ad294721664fb74706df5827842) Importer(815301076,1909f56bfc062723c751e8b465ee728b)  -> (artifact id: '1f4ce789cffd90998b700a9accfc0828') in 0.111510 seconds 
  Import took 0.116625 seconds .

========================================================================
Received Import Request.
  Time since last request: 0.000294 seconds.
  path: Assets/EndlessGame/Prefabs/Tiles/Tile5.prefab
  artifactKey: Guid(6296cdf0179ba774bb3de56225d67dcb) Importer(815301076,1909f56bfc062723c751e8b465ee728b)
Start importing Assets/EndlessGame/Prefabs/Tiles/Tile5.prefab using Guid(6296cdf0179ba774bb3de56225d67dcb) Importer(815301076,1909f56bfc062723c751e8b465ee728b)  -> (artifact id: '356aa6dc03259d66af17abc773ed715a') in 0.038555 seconds 
  Import took 0.043712 seconds .

========================================================================
Received Import Request.
  Time since last request: 0.000284 seconds.
  path: Assets/EndlessGame/Prefabs/Tiles/Tile3.prefab
  artifactKey: Guid(0a5c1335f6d03724d8c8ee5b131d1b5c) Importer(815301076,1909f56bfc062723c751e8b465ee728b)
Start importing Assets/EndlessGame/Prefabs/Tiles/Tile3.prefab using Guid(0a5c1335f6d03724d8c8ee5b131d1b5c) Importer(815301076,1909f56bfc062723c751e8b465ee728b)  -> (artifact id: '83515b0fbaa3fa7dfd7610b40dca3a44') in 0.042272 seconds 
  Import took 0.046739 seconds .

========================================================================
Received Import Request.
  Time since last request: 0.000199 seconds.
  path: Assets/EndlessGame/Prefabs/Tiles/Tile4.prefab
  artifactKey: Guid(d6bd8149991e25e4384212eda5e9957b) Importer(815301076,1909f56bfc062723c751e8b465ee728b)
Start importing Assets/EndlessGame/Prefabs/Tiles/Tile4.prefab using Guid(d6bd8149991e25e4384212eda5e9957b) Importer(815301076,1909f56bfc062723c751e8b465ee728b)  -> (artifact id: '517f72cdedf8ec8a8565ff795e6fbb03') in 0.018334 seconds 
  Import took 0.022871 seconds .

========================================================================
Received Import Request.
  Time since last request: 0.000202 seconds.
  path: Assets/EndlessGame/Prefabs/Tiles/Tile6.prefab
  artifactKey: Guid(bd9389deb3d5b294dab01398b5cad757) Importer(815301076,1909f56bfc062723c751e8b465ee728b)
Start importing Assets/EndlessGame/Prefabs/Tiles/Tile6.prefab using Guid(bd9389deb3d5b294dab01398b5cad757) Importer(815301076,1909f56bfc062723c751e8b465ee728b)  -> (artifact id: '2ad4cfb9509ea71ccee957b1eca0eb55') in 0.022197 seconds 
  Import took 0.027380 seconds .

========================================================================
Received Import Request.
  Time since last request: 0.000184 seconds.
  path: Assets/EndlessGame/Prefabs/Tiles/Tile2.prefab
  artifactKey: Guid(e7a4e335186b8484ca3f396f21fe30d0) Importer(815301076,1909f56bfc062723c751e8b465ee728b)
Start importing Assets/EndlessGame/Prefabs/Tiles/Tile2.prefab using Guid(e7a4e335186b8484ca3f396f21fe30d0) Importer(815301076,1909f56bfc062723c751e8b465ee728b)  -> (artifact id: '7604e41e02dd94d2ae11e29b1cee7ced') in 0.016445 seconds 
  Import took 0.020970 seconds .

========================================================================
Received Import Request.
  Time since last request: 34.177272 seconds.
  path: Assets/EndlessGame/Prefabs/Tiles/Tile5.prefab
  artifactKey: Guid(6296cdf0179ba774bb3de56225d67dcb) Importer(815301076,1909f56bfc062723c751e8b465ee728b)
Start importing Assets/EndlessGame/Prefabs/Tiles/Tile5.prefab using Guid(6296cdf0179ba774bb3de56225d67dcb) Importer(815301076,1909f56bfc062723c751e8b465ee728b)  -> (artifact id: '4bfc8cdbac932dc7d8647be049b8d765') in 0.021415 seconds 
  Import took 0.026108 seconds .

========================================================================
Received Import Request.
  Time since last request: 5.365767 seconds.
  path: Assets/EndlessGame/Prefabs/Tiles/Tile4.prefab
  artifactKey: Guid(d6bd8149991e25e4384212eda5e9957b) Importer(815301076,1909f56bfc062723c751e8b465ee728b)
Start importing Assets/EndlessGame/Prefabs/Tiles/Tile4.prefab using Guid(d6bd8149991e25e4384212eda5e9957b) Importer(815301076,1909f56bfc062723c751e8b465ee728b)  -> (artifact id: '73c03e92be145e707b0705617df6e9c0') in 0.032115 seconds 
  Import took 0.036770 seconds .

========================================================================
Received Import Request.
  Time since last request: 5.141538 seconds.
  path: Assets/EndlessGame/Prefabs/Tiles/Tile3.prefab
  artifactKey: Guid(0a5c1335f6d03724d8c8ee5b131d1b5c) Importer(815301076,1909f56bfc062723c751e8b465ee728b)
Start importing Assets/EndlessGame/Prefabs/Tiles/Tile3.prefab using Guid(0a5c1335f6d03724d8c8ee5b131d1b5c) Importer(815301076,1909f56bfc062723c751e8b465ee728b)  -> (artifact id: '47ee40e22bd5a05e2ef4c67b0d43bed1') in 0.022604 seconds 
  Import took 0.027549 seconds .

========================================================================
Received Import Request.
  Time since last request: 4.753425 seconds.
  path: Assets/EndlessGame/Prefabs/Tiles/Tile2.prefab
  artifactKey: Guid(e7a4e335186b8484ca3f396f21fe30d0) Importer(815301076,1909f56bfc062723c751e8b465ee728b)
Start importing Assets/EndlessGame/Prefabs/Tiles/Tile2.prefab using Guid(e7a4e335186b8484ca3f396f21fe30d0) Importer(815301076,1909f56bfc062723c751e8b465ee728b)  -> (artifact id: 'bfc4630512b0f87b6fd49b7368cd419f') in 0.024042 seconds 
  Import took 0.028982 seconds .

========================================================================
Received Import Request.
  Time since last request: 3.685985 seconds.
  path: Assets/EndlessGame/Prefabs/Tiles/Tile1.prefab
  artifactKey: Guid(babc7ad294721664fb74706df5827842) Importer(815301076,1909f56bfc062723c751e8b465ee728b)
Start importing Assets/EndlessGame/Prefabs/Tiles/Tile1.prefab using Guid(babc7ad294721664fb74706df5827842) Importer(815301076,1909f56bfc062723c751e8b465ee728b)  -> (artifact id: 'a1e0317f0db2aef3555f80709baf4c58') in 0.018820 seconds 
  Import took 0.023323 seconds .

========================================================================
Received Prepare
Registering precompiled user dll's ...
Registered in 0.004977 seconds.
Could not load signature of Unity.Android.Logcat.AndroidLogcatIPWindow:Show due to: Could not load file or assembly 'UnityEditor.Android.Extensions, Version=1.0.0.0, Culture=neutral, PublicKeyToken=null' or one of its dependencies. assembly:UnityEditor.Android.Extensions, Version=1.0.0.0, Culture=neutral, PublicKeyToken=null type:<unknown type> member:(null) signature:<none>
Could not load signature of Unity.Android.Logcat.AndroidLogcatConsoleWindow:GetAndroidDeviceFromCache due to: Could not load file or assembly 'UnityEditor.Android.Extensions, Version=1.0.0.0, Culture=neutral, PublicKeyToken=null' or one of its dependencies. assembly:UnityEditor.Android.Extensions, Version=1.0.0.0, Culture=neutral, PublicKeyToken=null type:<unknown type> member:(null) signature:<none>
Could not load signature of Unity.Android.Logcat.AndroidLogcatConsoleWindow:GetCachedAdb due to: Could not load file or assembly 'UnityEditor.Android.Extensions, Version=1.0.0.0, Culture=neutral, PublicKeyToken=null' or one of its dependencies. assembly:UnityEditor.Android.Extensions, Version=1.0.0.0, Culture=neutral, PublicKeyToken=null type:<unknown type> member:(null) signature:<none>
Begin MonoManager ReloadAssembly
Error: Could not load signature of Unity.Android.Logcat.AndroidLogcat:.ctor due to: Could not load file or assembly 'UnityEditor.Android.Extensions, Version=1.0.0.0, Culture=neutral, PublicKeyToken=null' or one of its dependencies. assembly:UnityEditor.Android.Extensions, Version=1.0.0.0, Culture=neutral, PublicKeyToken=null type:<unknown type> member:(null) signature:<none>

Could not load signature of Unity.Android.Logcat.AndroidLogcatConsoleWindow:GetAndroidDeviceFromCache due to: Could not load file or assembly 'UnityEditor.Android.Extensions, Version=1.0.0.0, Culture=neutral, PublicKeyToken=null' or one of its dependencies. assembly:UnityEditor.Android.Extensions, Version=1.0.0.0, Culture=neutral, PublicKeyToken=null type:<unknown type> member:(null) signature:<none>
Could not load signature of Unity.Android.Logcat.AndroidLogcatConsoleWindow:GetCachedAdb due to: Could not load file or assembly 'UnityEditor.Android.Extensions, Version=1.0.0.0, Culture=neutral, PublicKeyToken=null' or one of its dependencies. assembly:UnityEditor.Android.Extensions, Version=1.0.0.0, Culture=neutral, PublicKeyToken=null type:<unknown type> member:(null) signature:<none>
Could not load signature of Unity.Android.Logcat.AndroidLogcatIPWindow:Show due to: Could not load file or assembly 'UnityEditor.Android.Extensions, Version=1.0.0.0, Culture=neutral, PublicKeyToken=null' or one of its dependencies. assembly:UnityEditor.Android.Extensions, Version=1.0.0.0, Culture=neutral, PublicKeyToken=null type:<unknown type> member:(null) signature:<none>
Unloading broken assembly Library/ScriptAssemblies/Unity.Mobile.AndroidLogcat.Editor.dll, this assembly can cause crashes in the runtime

Native extension for WindowsStandalone target not found
Refreshing native plugins compatible for Editor in 0.66 ms, found 5 plugins.
Preloading 0 native plugins for Editor in 0.00 ms.
Mono: successfully reloaded assembly
- Completed reload, in  0.781 seconds
Platform modules already initialized, skipping
Switching build target platform(19) subTarget(0) extendedPlatform(0) -> platform(13) subTarget(537460736) extendedPlatform(0)
Shader 'Universal Render Pipeline/Particles/Lit': fallback shader 'Universal Render Pipeline/Particles/SimpleLit' not found
Refreshing native plugins compatible for Editor in 0.65 ms, found 5 plugins.
Preloading 0 native plugins for Editor in 0.00 ms.
Unloading 3040 Unused Serialized files (Serialized files now loaded: 0)
System memory in use before: 126.2 MB.
System memory in use after: 126.4 MB.

Unloading 45 unused Assets to reduce memory usage. Loaded Objects now: 3764.
Total: 2.260300 ms (FindLiveObjects: 0.192900 ms CreateObjectMapping: 0.073700 ms MarkObjects: 1.927400 ms  DeleteObjects: 0.065500 ms)

AssetImportParameters requested are different than current active one (requested -> active):
  custom:framework-win-MediaFoundation: 216162199b28c13a410421893ffa2e32 -> 
  custom:video-decoder-ogg-theora: a1e56fd34408186e4bbccfd4996cb3dc -> 
  custom:container-muxer-webm: aa71ff27fc2769a1b78a27578f13a17b -> 
  custom:container-demuxer-webm: 4f35f7cbe854078d1ac9338744f61a02 -> 
  custom:container-demuxer-ogg: 62fdf1f143b41e24485cea50d1cbac27 -> 
  custom:video-encoder-webm-vp8: eb34c28f22e8b96e1ab97ce403110664 -> 
  custom:video-decoder-webm-vp8: 9c59270c3fd7afecdb556c50c9e8de78 -> 
  custom:graphics/normal-map-encoding: 01000000000000000000000000000000 -> 02000000000000000000000000000000
  custom:audio-decoder-ogg-vorbis: bf7c407c2cedff20999df2af8eb42d56 -> 
  custom:audio-encoder-webm-vorbis: bf7c407c2cedff20999df2af8eb42d56 -> 
========================================================================
Received Import Request.
  Time since last request: 3521.536796 seconds.
  path: Assets/EndlessGame/Prefabs/Gems/3Gems.prefab
  artifactKey: Guid(9633b8af1c5e03b42b33a55a977ff15e) Importer(815301076,1909f56bfc062723c751e8b465ee728b)
Start importing Assets/EndlessGame/Prefabs/Gems/3Gems.prefab using Guid(9633b8af1c5e03b42b33a55a977ff15e) Importer(815301076,1909f56bfc062723c751e8b465ee728b)  -> (artifact id: '332346b7220c2c15af056b41c09b63f7') in 0.118811 seconds 
  Import took 0.124610 seconds .

========================================================================
Received Import Request.
  Time since last request: 0.000197 seconds.
  path: Assets/EndlessGame/Prefabs/Gems/4Gems.prefab
  artifactKey: Guid(015b8578b406e6c47a031e359a60d26a) Importer(815301076,1909f56bfc062723c751e8b465ee728b)
Start importing Assets/EndlessGame/Prefabs/Gems/4Gems.prefab using Guid(015b8578b406e6c47a031e359a60d26a) Importer(815301076,1909f56bfc062723c751e8b465ee728b)  -> (artifact id: '675ba7035fc38e6de47c5b2138f4ed7f') in 0.012176 seconds 
  Import took 0.016394 seconds .

========================================================================
Received Import Request.
  Time since last request: 0.000206 seconds.
  path: Assets/EndlessGame/Prefabs/Gems/Gem.prefab
  artifactKey: Guid(9641f2555267d314ea73327ad86406f8) Importer(815301076,1909f56bfc062723c751e8b465ee728b)
Start importing Assets/EndlessGame/Prefabs/Gems/Gem.prefab using Guid(9641f2555267d314ea73327ad86406f8) Importer(815301076,1909f56bfc062723c751e8b465ee728b)  -> (artifact id: '75ff95ca1f353546fcd21952c3b7042b') in 0.006915 seconds 
  Import took 0.011370 seconds .

========================================================================
Received Prepare
Registering precompiled user dll's ...
Registered in 0.005317 seconds.
Could not load signature of Unity.Android.Logcat.AndroidLogcatIPWindow:Show due to: Could not load file or assembly 'UnityEditor.Android.Extensions, Version=1.0.0.0, Culture=neutral, PublicKeyToken=null' or one of its dependencies. assembly:UnityEditor.Android.Extensions, Version=1.0.0.0, Culture=neutral, PublicKeyToken=null type:<unknown type> member:(null) signature:<none>
Could not load signature of Unity.Android.Logcat.AndroidLogcatConsoleWindow:GetAndroidDeviceFromCache due to: Could not load file or assembly 'UnityEditor.Android.Extensions, Version=1.0.0.0, Culture=neutral, PublicKeyToken=null' or one of its dependencies. assembly:UnityEditor.Android.Extensions, Version=1.0.0.0, Culture=neutral, PublicKeyToken=null type:<unknown type> member:(null) signature:<none>
Could not load signature of Unity.Android.Logcat.AndroidLogcatConsoleWindow:GetCachedAdb due to: Could not load file or assembly 'UnityEditor.Android.Extensions, Version=1.0.0.0, Culture=neutral, PublicKeyToken=null' or one of its dependencies. assembly:UnityEditor.Android.Extensions, Version=1.0.0.0, Culture=neutral, PublicKeyToken=null type:<unknown type> member:(null) signature:<none>
Begin MonoManager ReloadAssembly
Error: Could not load signature of Unity.Android.Logcat.AndroidLogcat:.ctor due to: Could not load file or assembly 'UnityEditor.Android.Extensions, Version=1.0.0.0, Culture=neutral, PublicKeyToken=null' or one of its dependencies. assembly:UnityEditor.Android.Extensions, Version=1.0.0.0, Culture=neutral, PublicKeyToken=null type:<unknown type> member:(null) signature:<none>

Could not load signature of Unity.Android.Logcat.AndroidLogcatConsoleWindow:GetAndroidDeviceFromCache due to: Could not load file or assembly 'UnityEditor.Android.Extensions, Version=1.0.0.0, Culture=neutral, PublicKeyToken=null' or one of its dependencies. assembly:UnityEditor.Android.Extensions, Version=1.0.0.0, Culture=neutral, PublicKeyToken=null type:<unknown type> member:(null) signature:<none>
Could not load signature of Unity.Android.Logcat.AndroidLogcatConsoleWindow:GetCachedAdb due to: Could not load file or assembly 'UnityEditor.Android.Extensions, Version=1.0.0.0, Culture=neutral, PublicKeyToken=null' or one of its dependencies. assembly:UnityEditor.Android.Extensions, Version=1.0.0.0, Culture=neutral, PublicKeyToken=null type:<unknown type> member:(null) signature:<none>
Could not load signature of Unity.Android.Logcat.AndroidLogcatIPWindow:Show due to: Could not load file or assembly 'UnityEditor.Android.Extensions, Version=1.0.0.0, Culture=neutral, PublicKeyToken=null' or one of its dependencies. assembly:UnityEditor.Android.Extensions, Version=1.0.0.0, Culture=neutral, PublicKeyToken=null type:<unknown type> member:(null) signature:<none>
Unloading broken assembly Library/ScriptAssemblies/Unity.Mobile.AndroidLogcat.Editor.dll, this assembly can cause crashes in the runtime

Native extension for WindowsStandalone target not found
Refreshing native plugins compatible for Editor in 0.74 ms, found 5 plugins.
Preloading 0 native plugins for Editor in 0.00 ms.
Mono: successfully reloaded assembly
- Completed reload, in  0.898 seconds
Platform modules already initialized, skipping
Switching build target platform(19) subTarget(0) extendedPlatform(0) -> platform(13) subTarget(537460736) extendedPlatform(0)
Shader 'Universal Render Pipeline/Particles/Lit': fallback shader 'Universal Render Pipeline/Particles/SimpleLit' not found
Refreshing native plugins compatible for Editor in 0.73 ms, found 5 plugins.
Preloading 0 native plugins for Editor in 0.00 ms.
Unloading 3040 Unused Serialized files (Serialized files now loaded: 0)
System memory in use before: 126.3 MB.
System memory in use after: 126.5 MB.

Unloading 45 unused Assets to reduce memory usage. Loaded Objects now: 3814.
Total: 2.446700 ms (FindLiveObjects: 0.301500 ms CreateObjectMapping: 0.068900 ms MarkObjects: 2.012200 ms  DeleteObjects: 0.063300 ms)

AssetImportParameters requested are different than current active one (requested -> active):
  custom:framework-win-MediaFoundation: 216162199b28c13a410421893ffa2e32 -> 
  custom:video-decoder-ogg-theora: a1e56fd34408186e4bbccfd4996cb3dc -> 
  custom:container-muxer-webm: aa71ff27fc2769a1b78a27578f13a17b -> 
  custom:container-demuxer-webm: 4f35f7cbe854078d1ac9338744f61a02 -> 
  custom:container-demuxer-ogg: 62fdf1f143b41e24485cea50d1cbac27 -> 
  custom:video-encoder-webm-vp8: eb34c28f22e8b96e1ab97ce403110664 -> 
  custom:video-decoder-webm-vp8: 9c59270c3fd7afecdb556c50c9e8de78 -> 
  custom:graphics/normal-map-encoding: 01000000000000000000000000000000 -> 02000000000000000000000000000000
  custom:audio-decoder-ogg-vorbis: bf7c407c2cedff20999df2af8eb42d56 -> 
  custom:audio-encoder-webm-vorbis: bf7c407c2cedff20999df2af8eb42d56 -> 
========================================================================
Received Import Request.
  Time since last request: 962.419549 seconds.
  path: Assets/EndlessGame/Prefabs/Tiles/Tile1.prefab
  artifactKey: Guid(babc7ad294721664fb74706df5827842) Importer(815301076,1909f56bfc062723c751e8b465ee728b)
Start importing Assets/EndlessGame/Prefabs/Tiles/Tile1.prefab using Guid(babc7ad294721664fb74706df5827842) Importer(815301076,1909f56bfc062723c751e8b465ee728b)  -> (artifact id: '56ae1e31d9fdef96f8ad8e82a82e9a3d') in 0.119576 seconds 
  Import took 0.124182 seconds .

========================================================================
Received Import Request.
  Time since last request: 0.000224 seconds.
  path: Assets/EndlessGame/Prefabs/Tiles/Tile5.prefab
  artifactKey: Guid(6296cdf0179ba774bb3de56225d67dcb) Importer(815301076,1909f56bfc062723c751e8b465ee728b)
Start importing Assets/EndlessGame/Prefabs/Tiles/Tile5.prefab using Guid(6296cdf0179ba774bb3de56225d67dcb) Importer(815301076,1909f56bfc062723c751e8b465ee728b)  -> (artifact id: 'c86e8e8c415f98a81d41be4709cade8e') in 0.038747 seconds 
  Import took 0.043038 seconds .

========================================================================
Received Import Request.
  Time since last request: 0.000210 seconds.
  path: Assets/EndlessGame/Prefabs/Tiles/Tile3.prefab
  artifactKey: Guid(0a5c1335f6d03724d8c8ee5b131d1b5c) Importer(815301076,1909f56bfc062723c751e8b465ee728b)
Start importing Assets/EndlessGame/Prefabs/Tiles/Tile3.prefab using Guid(0a5c1335f6d03724d8c8ee5b131d1b5c) Importer(815301076,1909f56bfc062723c751e8b465ee728b)  -> (artifact id: '879d57fb5db936dba382cb01081085a7') in 0.021625 seconds 
  Import took 0.026580 seconds .

========================================================================
Received Import Request.
  Time since last request: 0.000165 seconds.
  path: Assets/EndlessGame/Prefabs/Tiles/Tile4.prefab
  artifactKey: Guid(d6bd8149991e25e4384212eda5e9957b) Importer(815301076,1909f56bfc062723c751e8b465ee728b)
Start importing Assets/EndlessGame/Prefabs/Tiles/Tile4.prefab using Guid(d6bd8149991e25e4384212eda5e9957b) Importer(815301076,1909f56bfc062723c751e8b465ee728b)  -> (artifact id: 'fdc893d130515ddf767c7ebb22dd5e6e') in 0.034269 seconds 
  Import took 0.038901 seconds .

========================================================================
Received Import Request.
  Time since last request: 0.000175 seconds.
  path: Assets/EndlessGame/Prefabs/Tiles/Tile6.prefab
  artifactKey: Guid(bd9389deb3d5b294dab01398b5cad757) Importer(815301076,1909f56bfc062723c751e8b465ee728b)
Start importing Assets/EndlessGame/Prefabs/Tiles/Tile6.prefab using Guid(bd9389deb3d5b294dab01398b5cad757) Importer(815301076,1909f56bfc062723c751e8b465ee728b)  -> (artifact id: '07329fa457bb286e96b3744e60c79180') in 0.041681 seconds 
  Import took 0.046756 seconds .

========================================================================
Received Import Request.
  Time since last request: 0.000191 seconds.
  path: Assets/EndlessGame/Prefabs/Tiles/Tile2.prefab
  artifactKey: Guid(e7a4e335186b8484ca3f396f21fe30d0) Importer(815301076,1909f56bfc062723c751e8b465ee728b)
Start importing Assets/EndlessGame/Prefabs/Tiles/Tile2.prefab using Guid(e7a4e335186b8484ca3f396f21fe30d0) Importer(815301076,1909f56bfc062723c751e8b465ee728b)  -> (artifact id: 'd762587bbeefefec84b20d8a02e7637a') in 0.031111 seconds 
  Import took 0.035768 seconds .

AssetImportWorkerClient::OnTransportError - code=2 error=End of file
