Using pre-set license
Built from '2020.3/staging' branch; Version is '2020.3.13f1 (71691879b7f5) revision 7432472'; Using compiler version '192528614'; Build Type 'Release'
OS: 'Windows 10 Home; OS build 19042.1288; Version 2009; 64bit' Language: 'tr' Physical Memory: 12153 MB
BatchMode: 1, IsHumanControllingUs: 0, StartBugReporterOnCrash: 0, Is64bit: 1, IsPro: 0

 COMMAND LINE ARGUMENTS:
C:\Program Files\Unity\Editor\Unity.exe
-adb2
-batchMode
-noUpm
-name
AssetImportWorker0
-projectPath
D:/MyGithub/RunnerGame
-logFile
Logs/AssetImportWorker0.log
-srvPort
58595
Successfully changed project path to: D:/MyGithub/RunnerGame
D:/MyGithub/RunnerGame
Using Asset Import Pipeline V2.
Refreshing native plugins compatible for Editor in 69.77 ms, found 2 plugins.
Preloading 0 native plugins for Editor in 0.00 ms.
Initialize engine version: 2020.3.13f1 (71691879b7f5)
[Subsystems] Discovering subsystems at path C:/Program Files/Unity/Editor/Data/Resources/UnitySubsystems
[Subsystems] Discovering subsystems at path D:/MyGithub/RunnerGame/Assets
GfxDevice: creating device client; threaded=0
Direct3D:
    Version:  Direct3D 11.0 [level 11.1]
    Renderer: AMD Radeon R7 200 Series (ID=0x6613)
    Vendor:   
    VRAM:     4076 MB
    Driver:   27.20.1034.6
Initialize mono
Mono path[0] = 'C:/Program Files/Unity/Editor/Data/Managed'
Mono path[1] = 'C:/Program Files/Unity/Editor/Data/MonoBleedingEdge/lib/mono/unityjit'
Mono config path = 'C:/Program Files/Unity/Editor/Data/MonoBleedingEdge/etc'
Using monoOptions --debugger-agent=transport=dt_socket,embedding=1,server=y,suspend=n,address=127.0.0.1:56148
Begin MonoManager ReloadAssembly
Registering precompiled unity dll's ...
Register platform support module: C:/Program Files/Unity/Editor/Data/PlaybackEngines/WindowsStandaloneSupport/UnityEditor.WindowsStandalone.Extensions.dll
Registered in 0.002339 seconds.
Native extension for WindowsStandalone target not found
Refreshing native plugins compatible for Editor in 61.89 ms, found 2 plugins.
Preloading 0 native plugins for Editor in 0.00 ms.
Mono: successfully reloaded assembly
- Completed reload, in  1.424 seconds
Platform modules already initialized, skipping
Registering precompiled user dll's ...
Registered in 0.006981 seconds.
Begin MonoManager ReloadAssembly
Native extension for WindowsStandalone target not found
Refreshing native plugins compatible for Editor in 59.48 ms, found 2 plugins.
Preloading 0 native plugins for Editor in 0.00 ms.
Refreshing native plugins compatible for Editor in 0.67 ms, found 2 plugins.
Mono: successfully reloaded assembly
- Completed reload, in  1.360 seconds
Platform modules already initialized, skipping
========================================================================
Worker process is ready to serve import requests
Shader 'Universal Render Pipeline/Particles/Lit': fallback shader 'Universal Render Pipeline/Particles/SimpleLit' not found
Shader 'Universal Render Pipeline/Particles/Lit': fallback shader 'Universal Render Pipeline/Particles/SimpleLit' not found
Launched and connected shader compiler UnityShaderCompiler.exe after 0.05 seconds
Refreshing native plugins compatible for Editor in 0.81 ms, found 2 plugins.
Preloading 0 native plugins for Editor in 0.00 ms.
Unloading 3026 Unused Serialized files (Serialized files now loaded: 0)
System memory in use before: 124.0 MB.
System memory in use after: 121.6 MB.

Unloading 100 unused Assets to reduce memory usage. Loaded Objects now: 3395.
Total: 4.368400 ms (FindLiveObjects: 0.289100 ms CreateObjectMapping: 0.159400 ms MarkObjects: 2.659800 ms  DeleteObjects: 1.258700 ms)

AssetImportParameters requested are different than current active one (requested -> active):
  custom:framework-win-MediaFoundation: 216162199b28c13a410421893ffa2e32 -> 
  custom:video-decoder-ogg-theora: a1e56fd34408186e4bbccfd4996cb3dc -> 
  custom:container-muxer-webm: aa71ff27fc2769a1b78a27578f13a17b -> 
  custom:container-demuxer-webm: 4f35f7cbe854078d1ac9338744f61a02 -> 
  custom:container-demuxer-ogg: 62fdf1f143b41e24485cea50d1cbac27 -> 
  custom:video-encoder-webm-vp8: eb34c28f22e8b96e1ab97ce403110664 -> 
  custom:video-decoder-webm-vp8: 9c59270c3fd7afecdb556c50c9e8de78 -> 
  custom:audio-decoder-ogg-vorbis: bf7c407c2cedff20999df2af8eb42d56 -> 
  custom:audio-encoder-webm-vorbis: bf7c407c2cedff20999df2af8eb42d56 -> 
========================================================================
Received Import Request.
  path: Assets/RenderingPipeline.asset
  artifactKey: Guid(ccdbdba252991284fa9a2e2dc349537d) Importer(815301076,1909f56bfc062723c751e8b465ee728b)
Start importing Assets/RenderingPipeline.asset using Guid(ccdbdba252991284fa9a2e2dc349537d) Importer(815301076,1909f56bfc062723c751e8b465ee728b)  -> (artifact id: '5016e2ebd1fd45fc44e86ed15f380578') in 0.054938 seconds 
  Import took 0.059862 seconds .

========================================================================
Received Import Request.
  Time since last request: 0.000411 seconds.
  path: Assets/UIRenderer.asset
  artifactKey: Guid(45e4c9a2a5aaef0409ca1edd4a368fc6) Importer(815301076,1909f56bfc062723c751e8b465ee728b)
Start importing Assets/UIRenderer.asset using Guid(45e4c9a2a5aaef0409ca1edd4a368fc6) Importer(815301076,1909f56bfc062723c751e8b465ee728b)  -> (artifact id: 'bbec13ac26b416191db2a3e7d50564f5') in 0.007825 seconds 
  Import took 0.012602 seconds .

========================================================================
Received Import Request.
  Time since last request: 325.654857 seconds.
  path: Assets/EndlessGame
  artifactKey: Guid(a0141d91c54e6234ebd36a9c205ae80e) Importer(815301076,1909f56bfc062723c751e8b465ee728b)
Start importing Assets/EndlessGame using Guid(a0141d91c54e6234ebd36a9c205ae80e) Importer(815301076,1909f56bfc062723c751e8b465ee728b)  -> (artifact id: '2aded7adfb0cd715cdd563eb8741bc13') in 0.006877 seconds 
  Import took 0.012470 seconds .

========================================================================
Received Import Request.
  Time since last request: 1.192497 seconds.
  path: Assets/EndlessGame
  artifactKey: Guid(a0141d91c54e6234ebd36a9c205ae80e) Importer(815301076,1909f56bfc062723c751e8b465ee728b)
Start importing Assets/EndlessGame using Guid(a0141d91c54e6234ebd36a9c205ae80e) Importer(815301076,1909f56bfc062723c751e8b465ee728b)  -> (artifact id: '2aded7adfb0cd715cdd563eb8741bc13') in 0.002342 seconds 
  Import took 0.007584 seconds .

========================================================================
Received Import Request.
  Time since last request: 1.590823 seconds.
  path: Assets/EndlessGame/Game.unity
  artifactKey: Guid(9fc0d4010bbf28b4594072e72b8655ab) Importer(815301076,1909f56bfc062723c751e8b465ee728b)
Start importing Assets/EndlessGame/Game.unity using Guid(9fc0d4010bbf28b4594072e72b8655ab) Importer(815301076,1909f56bfc062723c751e8b465ee728b)  -> (artifact id: '7100fa8a7fd67266a7c505c54f9ed80c') in 0.011196 seconds 
  Import took 0.016841 seconds .

========================================================================
Received Prepare
Registering precompiled user dll's ...
Registered in 0.108023 seconds.
Begin MonoManager ReloadAssembly
Native extension for WindowsStandalone target not found
Refreshing native plugins compatible for Editor in 0.88 ms, found 2 plugins.
Preloading 0 native plugins for Editor in 0.00 ms.
Mono: successfully reloaded assembly
- Completed reload, in  1.444 seconds
Platform modules already initialized, skipping
Shader 'Universal Render Pipeline/Particles/Lit': fallback shader 'Universal Render Pipeline/Particles/SimpleLit' not found
Shader 'Universal Render Pipeline/Particles/Lit': fallback shader 'Universal Render Pipeline/Particles/SimpleLit' not found
Refreshing native plugins compatible for Editor in 0.70 ms, found 2 plugins.
Preloading 0 native plugins for Editor in 0.00 ms.
Unloading 2947 Unused Serialized files (Serialized files now loaded: 0)
System memory in use before: 120.9 MB.
System memory in use after: 118.4 MB.

Unloading 91 unused Assets to reduce memory usage. Loaded Objects now: 3401.
Total: 4.502300 ms (FindLiveObjects: 0.273500 ms CreateObjectMapping: 0.148700 ms MarkObjects: 2.507100 ms  DeleteObjects: 1.571800 ms)

AssetImportParameters requested are different than current active one (requested -> active):
  custom:framework-win-MediaFoundation: 216162199b28c13a410421893ffa2e32 -> 
  custom:video-decoder-ogg-theora: a1e56fd34408186e4bbccfd4996cb3dc -> 
  custom:container-muxer-webm: aa71ff27fc2769a1b78a27578f13a17b -> 
  custom:container-demuxer-webm: 4f35f7cbe854078d1ac9338744f61a02 -> 
  custom:container-demuxer-ogg: 62fdf1f143b41e24485cea50d1cbac27 -> 
  custom:video-encoder-webm-vp8: eb34c28f22e8b96e1ab97ce403110664 -> 
  custom:video-decoder-webm-vp8: 9c59270c3fd7afecdb556c50c9e8de78 -> 
  custom:audio-decoder-ogg-vorbis: bf7c407c2cedff20999df2af8eb42d56 -> 
  custom:audio-encoder-webm-vorbis: bf7c407c2cedff20999df2af8eb42d56 -> 
========================================================================
Received Import Request.
  Time since last request: 511.511676 seconds.
  path: Assets/EndlessGame/TextMesh Pro
  artifactKey: Guid(f54d1bd14bd3ca042bd867b519fee8cc) Importer(815301076,1909f56bfc062723c751e8b465ee728b)
Start importing Assets/EndlessGame/TextMesh Pro using Guid(f54d1bd14bd3ca042bd867b519fee8cc) Importer(815301076,1909f56bfc062723c751e8b465ee728b)  -> (artifact id: '6170b652e791f28e2dae01803c8e71bf') in 0.016991 seconds 
  Import took 0.024309 seconds .

========================================================================
Received Import Request.
  Time since last request: 8933.078343 seconds.
  path: Assets/EndlessGame/Scripts
  artifactKey: Guid(60bbca72d0c41bd45bac18aa7e29c736) Importer(815301076,1909f56bfc062723c751e8b465ee728b)
Start importing Assets/EndlessGame/Scripts using Guid(60bbca72d0c41bd45bac18aa7e29c736) Importer(815301076,1909f56bfc062723c751e8b465ee728b)  -> (artifact id: 'f4bf93fdf9e01da16133fc1b49fddcf8') in 0.089673 seconds 
  Import took 0.182550 seconds .

========================================================================
Received Import Request.
  Time since last request: 10.805128 seconds.
  path: Assets/EndlessGame/Scripts/Powerup
  artifactKey: Guid(bb6968c756aa5094da01570f7181bf4a) Importer(815301076,1909f56bfc062723c751e8b465ee728b)
Start importing Assets/EndlessGame/Scripts/Powerup using Guid(bb6968c756aa5094da01570f7181bf4a) Importer(815301076,1909f56bfc062723c751e8b465ee728b)  -> (artifact id: 'bb5fc9cdebf122c797cadc9f2ebdb5bb') in 0.028792 seconds 
  Import took 0.041498 seconds .

========================================================================
Received Prepare
Registering precompiled user dll's ...
Registered in 0.142064 seconds.
Begin MonoManager ReloadAssembly
Native extension for WindowsStandalone target not found
Refreshing native plugins compatible for Editor in 1.23 ms, found 2 plugins.
Preloading 0 native plugins for Editor in 0.00 ms.
Mono: successfully reloaded assembly
- Completed reload, in  3.240 seconds
Platform modules already initialized, skipping
Shader 'Universal Render Pipeline/Particles/Lit': fallback shader 'Universal Render Pipeline/Particles/SimpleLit' not found
Shader 'Universal Render Pipeline/Particles/Lit': fallback shader 'Universal Render Pipeline/Particles/SimpleLit' not found
Refreshing native plugins compatible for Editor in 1.30 ms, found 2 plugins.
Preloading 0 native plugins for Editor in 0.00 ms.
Unloading 2945 Unused Serialized files (Serialized files now loaded: 0)
System memory in use before: 120.9 MB.
System memory in use after: 118.4 MB.

Unloading 91 unused Assets to reduce memory usage. Loaded Objects now: 3404.
Total: 4.819200 ms (FindLiveObjects: 0.303000 ms CreateObjectMapping: 0.209800 ms MarkObjects: 2.691000 ms  DeleteObjects: 1.614000 ms)

AssetImportParameters requested are different than current active one (requested -> active):
  custom:framework-win-MediaFoundation: 216162199b28c13a410421893ffa2e32 -> 
  custom:video-decoder-ogg-theora: a1e56fd34408186e4bbccfd4996cb3dc -> 
  custom:container-muxer-webm: aa71ff27fc2769a1b78a27578f13a17b -> 
  custom:container-demuxer-webm: 4f35f7cbe854078d1ac9338744f61a02 -> 
  custom:container-demuxer-ogg: 62fdf1f143b41e24485cea50d1cbac27 -> 
  custom:video-encoder-webm-vp8: eb34c28f22e8b96e1ab97ce403110664 -> 
  custom:video-decoder-webm-vp8: 9c59270c3fd7afecdb556c50c9e8de78 -> 
  custom:audio-decoder-ogg-vorbis: bf7c407c2cedff20999df2af8eb42d56 -> 
  custom:audio-encoder-webm-vorbis: bf7c407c2cedff20999df2af8eb42d56 -> 
========================================================================
Received Prepare
Registering precompiled user dll's ...
Registered in 0.006599 seconds.
Begin MonoManager ReloadAssembly
Native extension for WindowsStandalone target not found
Refreshing native plugins compatible for Editor in 0.77 ms, found 2 plugins.
Preloading 0 native plugins for Editor in 0.00 ms.
Mono: successfully reloaded assembly
- Completed reload, in  1.405 seconds
Platform modules already initialized, skipping
Shader 'Universal Render Pipeline/Particles/Lit': fallback shader 'Universal Render Pipeline/Particles/SimpleLit' not found
Shader 'Universal Render Pipeline/Particles/Lit': fallback shader 'Universal Render Pipeline/Particles/SimpleLit' not found
Refreshing native plugins compatible for Editor in 0.69 ms, found 2 plugins.
Preloading 0 native plugins for Editor in 0.00 ms.
Unloading 2945 Unused Serialized files (Serialized files now loaded: 0)
System memory in use before: 120.9 MB.
System memory in use after: 118.5 MB.

Unloading 91 unused Assets to reduce memory usage. Loaded Objects now: 3407.
Total: 5.342200 ms (FindLiveObjects: 0.270100 ms CreateObjectMapping: 0.204300 ms MarkObjects: 3.099700 ms  DeleteObjects: 1.766700 ms)

AssetImportParameters requested are different than current active one (requested -> active):
  custom:framework-win-MediaFoundation: 216162199b28c13a410421893ffa2e32 -> 
  custom:video-decoder-ogg-theora: a1e56fd34408186e4bbccfd4996cb3dc -> 
  custom:container-muxer-webm: aa71ff27fc2769a1b78a27578f13a17b -> 
  custom:container-demuxer-webm: 4f35f7cbe854078d1ac9338744f61a02 -> 
  custom:container-demuxer-ogg: 62fdf1f143b41e24485cea50d1cbac27 -> 
  custom:video-encoder-webm-vp8: eb34c28f22e8b96e1ab97ce403110664 -> 
  custom:video-decoder-webm-vp8: 9c59270c3fd7afecdb556c50c9e8de78 -> 
  custom:audio-decoder-ogg-vorbis: bf7c407c2cedff20999df2af8eb42d56 -> 
  custom:audio-encoder-webm-vorbis: bf7c407c2cedff20999df2af8eb42d56 -> 
========================================================================
Received Import Request.
  Time since last request: 510.493840 seconds.
  path: Assets/EndlessGame/Scripts/MoveComponent.cs
  artifactKey: Guid(719c663701f48c144ab5f9b8c8605a11) Importer(815301076,1909f56bfc062723c751e8b465ee728b)
Start importing Assets/EndlessGame/Scripts/MoveComponent.cs using Guid(719c663701f48c144ab5f9b8c8605a11) Importer(815301076,1909f56bfc062723c751e8b465ee728b)  -> (artifact id: '386c179d598ec8088e9ce137573fc94c') in 0.077192 seconds 
  Import took 0.109745 seconds .

========================================================================
Received Prepare
Registering precompiled user dll's ...
Registered in 0.007330 seconds.
Begin MonoManager ReloadAssembly
Native extension for WindowsStandalone target not found
Refreshing native plugins compatible for Editor in 0.70 ms, found 2 plugins.
Preloading 0 native plugins for Editor in 0.00 ms.
Mono: successfully reloaded assembly
- Completed reload, in  1.421 seconds
Platform modules already initialized, skipping
Shader 'Universal Render Pipeline/Particles/Lit': fallback shader 'Universal Render Pipeline/Particles/SimpleLit' not found
Shader 'Universal Render Pipeline/Particles/Lit': fallback shader 'Universal Render Pipeline/Particles/SimpleLit' not found
Refreshing native plugins compatible for Editor in 0.68 ms, found 2 plugins.
Preloading 0 native plugins for Editor in 0.00 ms.
Unloading 2949 Unused Serialized files (Serialized files now loaded: 0)
System memory in use before: 121.0 MB.
System memory in use after: 118.6 MB.

Unloading 91 unused Assets to reduce memory usage. Loaded Objects now: 3414.
Total: 5.995200 ms (FindLiveObjects: 0.562000 ms CreateObjectMapping: 0.580100 ms MarkObjects: 3.478100 ms  DeleteObjects: 1.373700 ms)

AssetImportParameters requested are different than current active one (requested -> active):
  custom:framework-win-MediaFoundation: 216162199b28c13a410421893ffa2e32 -> 
  custom:video-decoder-ogg-theora: a1e56fd34408186e4bbccfd4996cb3dc -> 
  custom:container-muxer-webm: aa71ff27fc2769a1b78a27578f13a17b -> 
  custom:container-demuxer-webm: 4f35f7cbe854078d1ac9338744f61a02 -> 
  custom:container-demuxer-ogg: 62fdf1f143b41e24485cea50d1cbac27 -> 
  custom:video-encoder-webm-vp8: eb34c28f22e8b96e1ab97ce403110664 -> 
  custom:video-decoder-webm-vp8: 9c59270c3fd7afecdb556c50c9e8de78 -> 
  custom:audio-decoder-ogg-vorbis: bf7c407c2cedff20999df2af8eb42d56 -> 
  custom:audio-encoder-webm-vorbis: bf7c407c2cedff20999df2af8eb42d56 -> 
========================================================================
Received Import Request.
  Time since last request: 414.385923 seconds.
  path: Assets/EndlessGame/Scripts/Powerup/Powerup.cs
  artifactKey: Guid(68121d545c7702f4bbb4c2a75781742a) Importer(815301076,1909f56bfc062723c751e8b465ee728b)
Start importing Assets/EndlessGame/Scripts/Powerup/Powerup.cs using Guid(68121d545c7702f4bbb4c2a75781742a) Importer(815301076,1909f56bfc062723c751e8b465ee728b)  -> (artifact id: '3dfc202662a5cecd0c436a7ae5e79243') in 0.008605 seconds 
  Import took 0.030942 seconds .

========================================================================
Received Import Request.
  Time since last request: 4.602045 seconds.
  path: Assets/EndlessGame/Scripts/Powerup/PowerupBehaviour.cs
  artifactKey: Guid(01b597012940eb24eb52c11a7746f1f9) Importer(815301076,1909f56bfc062723c751e8b465ee728b)
Start importing Assets/EndlessGame/Scripts/Powerup/PowerupBehaviour.cs using Guid(01b597012940eb24eb52c11a7746f1f9) Importer(815301076,1909f56bfc062723c751e8b465ee728b)  -> (artifact id: 'ecd75655f75dcd0556250da27581e40d') in 0.012734 seconds 
  Import took 0.024431 seconds .

========================================================================
Received Import Request.
  Time since last request: 0.016168 seconds.
  path: Assets/EndlessGame/Scripts/Powerup/PowerupBehaviour.cs
  artifactKey: Guid(01b597012940eb24eb52c11a7746f1f9) Importer(815301076,1909f56bfc062723c751e8b465ee728b)
Start importing Assets/EndlessGame/Scripts/Powerup/PowerupBehaviour.cs using Guid(01b597012940eb24eb52c11a7746f1f9) Importer(815301076,1909f56bfc062723c751e8b465ee728b)  -> (artifact id: 'ecd75655f75dcd0556250da27581e40d') in 0.002842 seconds 
  Import took 0.016946 seconds .

========================================================================
Received Import Request.
  Time since last request: 1.889453 seconds.
  path: Assets/EndlessGame/Scripts/Powerup/PowerupController.cs
  artifactKey: Guid(dcf21e9da481ee54d921c4c5ad1c5ec2) Importer(815301076,1909f56bfc062723c751e8b465ee728b)
Start importing Assets/EndlessGame/Scripts/Powerup/PowerupController.cs using Guid(dcf21e9da481ee54d921c4c5ad1c5ec2) Importer(815301076,1909f56bfc062723c751e8b465ee728b)  -> (artifact id: '5b81ef789e68fab839597309a4a6d78e') in 0.014942 seconds 
  Import took 0.021113 seconds .

========================================================================
Received Import Request.
  Time since last request: 0.002822 seconds.
  path: Assets/EndlessGame/Scripts/Powerup/PowerupController.cs
  artifactKey: Guid(dcf21e9da481ee54d921c4c5ad1c5ec2) Importer(815301076,1909f56bfc062723c751e8b465ee728b)
Start importing Assets/EndlessGame/Scripts/Powerup/PowerupController.cs using Guid(dcf21e9da481ee54d921c4c5ad1c5ec2) Importer(815301076,1909f56bfc062723c751e8b465ee728b)  -> (artifact id: '5b81ef789e68fab839597309a4a6d78e') in 0.007879 seconds 
  Import took 0.014039 seconds .

========================================================================
Received Prepare
Registering precompiled user dll's ...
Registered in 0.008167 seconds.
Begin MonoManager ReloadAssembly
Native extension for WindowsStandalone target not found
Refreshing native plugins compatible for Editor in 0.79 ms, found 2 plugins.
Preloading 0 native plugins for Editor in 0.00 ms.
Mono: successfully reloaded assembly
- Completed reload, in  1.455 seconds
Platform modules already initialized, skipping
Shader 'Universal Render Pipeline/Particles/Lit': fallback shader 'Universal Render Pipeline/Particles/SimpleLit' not found
Shader 'Universal Render Pipeline/Particles/Lit': fallback shader 'Universal Render Pipeline/Particles/SimpleLit' not found
Refreshing native plugins compatible for Editor in 0.74 ms, found 2 plugins.
Preloading 0 native plugins for Editor in 0.00 ms.
Unloading 2949 Unused Serialized files (Serialized files now loaded: 0)
System memory in use before: 121.1 MB.
System memory in use after: 118.6 MB.

Unloading 91 unused Assets to reduce memory usage. Loaded Objects now: 3417.
Total: 4.580300 ms (FindLiveObjects: 0.342600 ms CreateObjectMapping: 0.150600 ms MarkObjects: 2.707800 ms  DeleteObjects: 1.378300 ms)

AssetImportParameters requested are different than current active one (requested -> active):
  custom:framework-win-MediaFoundation: 216162199b28c13a410421893ffa2e32 -> 
  custom:video-decoder-ogg-theora: a1e56fd34408186e4bbccfd4996cb3dc -> 
  custom:container-muxer-webm: aa71ff27fc2769a1b78a27578f13a17b -> 
  custom:container-demuxer-webm: 4f35f7cbe854078d1ac9338744f61a02 -> 
  custom:container-demuxer-ogg: 62fdf1f143b41e24485cea50d1cbac27 -> 
  custom:video-encoder-webm-vp8: eb34c28f22e8b96e1ab97ce403110664 -> 
  custom:video-decoder-webm-vp8: 9c59270c3fd7afecdb556c50c9e8de78 -> 
  custom:audio-decoder-ogg-vorbis: bf7c407c2cedff20999df2af8eb42d56 -> 
  custom:audio-encoder-webm-vorbis: bf7c407c2cedff20999df2af8eb42d56 -> 
========================================================================
Received Prepare
Registering precompiled user dll's ...
Registered in 0.006991 seconds.
Begin MonoManager ReloadAssembly
Native extension for WindowsStandalone target not found
Refreshing native plugins compatible for Editor in 0.86 ms, found 2 plugins.
Preloading 0 native plugins for Editor in 0.00 ms.
Mono: successfully reloaded assembly
- Completed reload, in  1.411 seconds
Platform modules already initialized, skipping
Shader 'Universal Render Pipeline/Particles/Lit': fallback shader 'Universal Render Pipeline/Particles/SimpleLit' not found
Shader 'Universal Render Pipeline/Particles/Lit': fallback shader 'Universal Render Pipeline/Particles/SimpleLit' not found
Refreshing native plugins compatible for Editor in 0.71 ms, found 2 plugins.
Preloading 0 native plugins for Editor in 0.00 ms.
Unloading 2949 Unused Serialized files (Serialized files now loaded: 0)
System memory in use before: 121.0 MB.
System memory in use after: 118.6 MB.

Unloading 91 unused Assets to reduce memory usage. Loaded Objects now: 3420.
Total: 6.192500 ms (FindLiveObjects: 0.326800 ms CreateObjectMapping: 0.296000 ms MarkObjects: 3.488100 ms  DeleteObjects: 2.080200 ms)

AssetImportParameters requested are different than current active one (requested -> active):
  custom:framework-win-MediaFoundation: 216162199b28c13a410421893ffa2e32 -> 
  custom:video-decoder-ogg-theora: a1e56fd34408186e4bbccfd4996cb3dc -> 
  custom:container-muxer-webm: aa71ff27fc2769a1b78a27578f13a17b -> 
  custom:container-demuxer-webm: 4f35f7cbe854078d1ac9338744f61a02 -> 
  custom:container-demuxer-ogg: 62fdf1f143b41e24485cea50d1cbac27 -> 
  custom:video-encoder-webm-vp8: eb34c28f22e8b96e1ab97ce403110664 -> 
  custom:video-decoder-webm-vp8: 9c59270c3fd7afecdb556c50c9e8de78 -> 
  custom:audio-decoder-ogg-vorbis: bf7c407c2cedff20999df2af8eb42d56 -> 
  custom:audio-encoder-webm-vorbis: bf7c407c2cedff20999df2af8eb42d56 -> 
========================================================================
Received Prepare
Registering precompiled user dll's ...
Registered in 0.006771 seconds.
Begin MonoManager ReloadAssembly
Native extension for WindowsStandalone target not found
Refreshing native plugins compatible for Editor in 0.74 ms, found 2 plugins.
Preloading 0 native plugins for Editor in 0.00 ms.
Mono: successfully reloaded assembly
- Completed reload, in  1.594 seconds
Platform modules already initialized, skipping
Shader 'Universal Render Pipeline/Particles/Lit': fallback shader 'Universal Render Pipeline/Particles/SimpleLit' not found
Shader 'Universal Render Pipeline/Particles/Lit': fallback shader 'Universal Render Pipeline/Particles/SimpleLit' not found
Refreshing native plugins compatible for Editor in 0.74 ms, found 2 plugins.
Preloading 0 native plugins for Editor in 0.00 ms.
Unloading 2949 Unused Serialized files (Serialized files now loaded: 0)
System memory in use before: 121.1 MB.
System memory in use after: 118.6 MB.

Unloading 91 unused Assets to reduce memory usage. Loaded Objects now: 3423.
Total: 4.396400 ms (FindLiveObjects: 0.278000 ms CreateObjectMapping: 0.148100 ms MarkObjects: 2.597800 ms  DeleteObjects: 1.371600 ms)

AssetImportParameters requested are different than current active one (requested -> active):
  custom:framework-win-MediaFoundation: 216162199b28c13a410421893ffa2e32 -> 
  custom:video-decoder-ogg-theora: a1e56fd34408186e4bbccfd4996cb3dc -> 
  custom:container-muxer-webm: aa71ff27fc2769a1b78a27578f13a17b -> 
  custom:container-demuxer-webm: 4f35f7cbe854078d1ac9338744f61a02 -> 
  custom:container-demuxer-ogg: 62fdf1f143b41e24485cea50d1cbac27 -> 
  custom:video-encoder-webm-vp8: eb34c28f22e8b96e1ab97ce403110664 -> 
  custom:video-decoder-webm-vp8: 9c59270c3fd7afecdb556c50c9e8de78 -> 
  custom:audio-decoder-ogg-vorbis: bf7c407c2cedff20999df2af8eb42d56 -> 
  custom:audio-encoder-webm-vorbis: bf7c407c2cedff20999df2af8eb42d56 -> 
========================================================================
Received Prepare
Registering precompiled user dll's ...
Registered in 0.007015 seconds.
Begin MonoManager ReloadAssembly
Native extension for WindowsStandalone target not found
Refreshing native plugins compatible for Editor in 0.70 ms, found 2 plugins.
Preloading 0 native plugins for Editor in 0.00 ms.
Mono: successfully reloaded assembly
- Completed reload, in  1.445 seconds
Platform modules already initialized, skipping
Shader 'Universal Render Pipeline/Particles/Lit': fallback shader 'Universal Render Pipeline/Particles/SimpleLit' not found
Shader 'Universal Render Pipeline/Particles/Lit': fallback shader 'Universal Render Pipeline/Particles/SimpleLit' not found
Refreshing native plugins compatible for Editor in 0.70 ms, found 2 plugins.
Preloading 0 native plugins for Editor in 0.00 ms.
Unloading 2949 Unused Serialized files (Serialized files now loaded: 0)
System memory in use before: 121.0 MB.
System memory in use after: 118.6 MB.

Unloading 91 unused Assets to reduce memory usage. Loaded Objects now: 3426.
Total: 4.455800 ms (FindLiveObjects: 0.294500 ms CreateObjectMapping: 0.169900 ms MarkObjects: 2.524500 ms  DeleteObjects: 1.465700 ms)

AssetImportParameters requested are different than current active one (requested -> active):
  custom:framework-win-MediaFoundation: 216162199b28c13a410421893ffa2e32 -> 
  custom:video-decoder-ogg-theora: a1e56fd34408186e4bbccfd4996cb3dc -> 
  custom:container-muxer-webm: aa71ff27fc2769a1b78a27578f13a17b -> 
  custom:container-demuxer-webm: 4f35f7cbe854078d1ac9338744f61a02 -> 
  custom:container-demuxer-ogg: 62fdf1f143b41e24485cea50d1cbac27 -> 
  custom:video-encoder-webm-vp8: eb34c28f22e8b96e1ab97ce403110664 -> 
  custom:video-decoder-webm-vp8: 9c59270c3fd7afecdb556c50c9e8de78 -> 
  custom:audio-decoder-ogg-vorbis: bf7c407c2cedff20999df2af8eb42d56 -> 
  custom:audio-encoder-webm-vorbis: bf7c407c2cedff20999df2af8eb42d56 -> 
========================================================================
Received Prepare
Registering precompiled user dll's ...
Registered in 0.007732 seconds.
Begin MonoManager ReloadAssembly
Native extension for WindowsStandalone target not found
Refreshing native plugins compatible for Editor in 1.35 ms, found 2 plugins.
Preloading 0 native plugins for Editor in 0.00 ms.
Mono: successfully reloaded assembly
- Completed reload, in  1.694 seconds
Platform modules already initialized, skipping
Shader 'Universal Render Pipeline/Particles/Lit': fallback shader 'Universal Render Pipeline/Particles/SimpleLit' not found
Shader 'Universal Render Pipeline/Particles/Lit': fallback shader 'Universal Render Pipeline/Particles/SimpleLit' not found
Refreshing native plugins compatible for Editor in 0.85 ms, found 2 plugins.
Preloading 0 native plugins for Editor in 0.00 ms.
Unloading 2949 Unused Serialized files (Serialized files now loaded: 0)
System memory in use before: 121.1 MB.
System memory in use after: 118.7 MB.

Unloading 91 unused Assets to reduce memory usage. Loaded Objects now: 3429.
Total: 4.597600 ms (FindLiveObjects: 0.291700 ms CreateObjectMapping: 0.191300 ms MarkObjects: 2.475200 ms  DeleteObjects: 1.638200 ms)

AssetImportParameters requested are different than current active one (requested -> active):
  custom:framework-win-MediaFoundation: 216162199b28c13a410421893ffa2e32 -> 
  custom:video-decoder-ogg-theora: a1e56fd34408186e4bbccfd4996cb3dc -> 
  custom:container-muxer-webm: aa71ff27fc2769a1b78a27578f13a17b -> 
  custom:container-demuxer-webm: 4f35f7cbe854078d1ac9338744f61a02 -> 
  custom:container-demuxer-ogg: 62fdf1f143b41e24485cea50d1cbac27 -> 
  custom:video-encoder-webm-vp8: eb34c28f22e8b96e1ab97ce403110664 -> 
  custom:video-decoder-webm-vp8: 9c59270c3fd7afecdb556c50c9e8de78 -> 
  custom:audio-decoder-ogg-vorbis: bf7c407c2cedff20999df2af8eb42d56 -> 
  custom:audio-encoder-webm-vorbis: bf7c407c2cedff20999df2af8eb42d56 -> 
========================================================================
Received Prepare
Registering precompiled user dll's ...
Registered in 0.006599 seconds.
Begin MonoManager ReloadAssembly
Native extension for WindowsStandalone target not found
Refreshing native plugins compatible for Editor in 0.69 ms, found 2 plugins.
Preloading 0 native plugins for Editor in 0.00 ms.
Mono: successfully reloaded assembly
- Completed reload, in  1.297 seconds
Platform modules already initialized, skipping
Shader 'Universal Render Pipeline/Particles/Lit': fallback shader 'Universal Render Pipeline/Particles/SimpleLit' not found
Shader 'Universal Render Pipeline/Particles/Lit': fallback shader 'Universal Render Pipeline/Particles/SimpleLit' not found
Refreshing native plugins compatible for Editor in 0.70 ms, found 2 plugins.
Preloading 0 native plugins for Editor in 0.00 ms.
Unloading 2949 Unused Serialized files (Serialized files now loaded: 0)
System memory in use before: 121.1 MB.
System memory in use after: 118.7 MB.

Unloading 91 unused Assets to reduce memory usage. Loaded Objects now: 3432.
Total: 4.785900 ms (FindLiveObjects: 0.272800 ms CreateObjectMapping: 0.254800 ms MarkObjects: 2.654200 ms  DeleteObjects: 1.603100 ms)

AssetImportParameters requested are different than current active one (requested -> active):
  custom:framework-win-MediaFoundation: 216162199b28c13a410421893ffa2e32 -> 
  custom:video-decoder-ogg-theora: a1e56fd34408186e4bbccfd4996cb3dc -> 
  custom:container-muxer-webm: aa71ff27fc2769a1b78a27578f13a17b -> 
  custom:container-demuxer-webm: 4f35f7cbe854078d1ac9338744f61a02 -> 
  custom:container-demuxer-ogg: 62fdf1f143b41e24485cea50d1cbac27 -> 
  custom:video-encoder-webm-vp8: eb34c28f22e8b96e1ab97ce403110664 -> 
  custom:video-decoder-webm-vp8: 9c59270c3fd7afecdb556c50c9e8de78 -> 
  custom:audio-decoder-ogg-vorbis: bf7c407c2cedff20999df2af8eb42d56 -> 
  custom:audio-encoder-webm-vorbis: bf7c407c2cedff20999df2af8eb42d56 -> 
========================================================================
Received Import Request.
  Time since last request: 1548.661018 seconds.
  path: Assets/EndlessGame/Materials
  artifactKey: Guid(d4081d54c679bce49943831ce84dc611) Importer(815301076,1909f56bfc062723c751e8b465ee728b)
Start importing Assets/EndlessGame/Materials using Guid(d4081d54c679bce49943831ce84dc611) Importer(815301076,1909f56bfc062723c751e8b465ee728b)  -> (artifact id: 'ad28c34a684bf611fe4b5ceb98439bf8') in 0.029932 seconds 
  Import took 0.052937 seconds .

========================================================================
Received Import Request.
  Time since last request: 0.142437 seconds.
  path: Assets/EndlessGame/Materials
  artifactKey: Guid(d4081d54c679bce49943831ce84dc611) Importer(815301076,1909f56bfc062723c751e8b465ee728b)
Start importing Assets/EndlessGame/Materials using Guid(d4081d54c679bce49943831ce84dc611) Importer(815301076,1909f56bfc062723c751e8b465ee728b)  -> (artifact id: 'ad28c34a684bf611fe4b5ceb98439bf8') in 0.002572 seconds 
  Import took 0.009041 seconds .

========================================================================
Received Import Request.
  Time since last request: 0.023642 seconds.
  path: Assets/EndlessGame/Materials/Black.mat
  artifactKey: Guid(58a15a67063cab04ca4d8ec3004145c4) Importer(815301076,1909f56bfc062723c751e8b465ee728b)
Start importing Assets/EndlessGame/Materials/Black.mat using Guid(58a15a67063cab04ca4d8ec3004145c4) Importer(815301076,1909f56bfc062723c751e8b465ee728b)  -> (artifact id: '31cfb702f8d9628ace153ec62126669d') in 0.593545 seconds 
  Import took 0.615271 seconds .

========================================================================
Received Import Request.
  Time since last request: 0.000403 seconds.
  path: Assets/EndlessGame/Materials/Tex_Ground.png
  artifactKey: Guid(4393ce6adda175e43995940465159020) Importer(815301076,1909f56bfc062723c751e8b465ee728b)
Start importing Assets/EndlessGame/Materials/Tex_Ground.png using Guid(4393ce6adda175e43995940465159020) Importer(815301076,1909f56bfc062723c751e8b465ee728b)  -> (artifact id: '8fca0213387b0fab3ea20987becb6619') in 0.298766 seconds 
  Import took 0.306260 seconds .

========================================================================
Received Import Request.
  Time since last request: 0.000412 seconds.
  path: Assets/EndlessGame/Materials/Orange.mat
  artifactKey: Guid(dd14f589075473d408243f48d65822b6) Importer(815301076,1909f56bfc062723c751e8b465ee728b)
Start importing Assets/EndlessGame/Materials/Orange.mat using Guid(dd14f589075473d408243f48d65822b6) Importer(815301076,1909f56bfc062723c751e8b465ee728b)  -> (artifact id: '15a61b1c259543601e2cf4615f1addad') in 0.043985 seconds 
  Import took 0.052449 seconds .

========================================================================
Received Import Request.
  Time since last request: 0.000196 seconds.
  path: Assets/EndlessGame/Materials/Tex_Ground.mat
  artifactKey: Guid(d2f13a0e918dd2b45aa5be3de7873359) Importer(815301076,1909f56bfc062723c751e8b465ee728b)
Start importing Assets/EndlessGame/Materials/Tex_Ground.mat using Guid(d2f13a0e918dd2b45aa5be3de7873359) Importer(815301076,1909f56bfc062723c751e8b465ee728b)  -> (artifact id: 'e6cd3f10066c9322ccf75130c7351193') in 0.034291 seconds 
  Import took 0.049134 seconds .

========================================================================
Received Import Request.
  Time since last request: 0.000350 seconds.
  path: Assets/EndlessGame/Materials/Tex_PalmTree.mat
  artifactKey: Guid(dd2f7636ec801df478e8e9f7400cb28b) Importer(815301076,1909f56bfc062723c751e8b465ee728b)
Start importing Assets/EndlessGame/Materials/Tex_PalmTree.mat using Guid(dd2f7636ec801df478e8e9f7400cb28b) Importer(815301076,1909f56bfc062723c751e8b465ee728b)  -> (artifact id: '9671990d306d63d689fc9be29684b26b') in 0.050578 seconds 
  Import took 0.066953 seconds .

========================================================================
Received Import Request.
  Time since last request: 0.000251 seconds.
  path: Assets/EndlessGame/Materials/Tex_Wave.png
  artifactKey: Guid(f2f4716c15cc4f8438ebbd7a88fcfc2c) Importer(815301076,1909f56bfc062723c751e8b465ee728b)
Start importing Assets/EndlessGame/Materials/Tex_Wave.png using Guid(f2f4716c15cc4f8438ebbd7a88fcfc2c) Importer(815301076,1909f56bfc062723c751e8b465ee728b)  -> (artifact id: '8b9e11f088e0315efeaf5087736ea693') in 0.066782 seconds 
  Import took 0.092214 seconds .

========================================================================
Received Import Request.
  Time since last request: 0.000542 seconds.
  path: Assets/EndlessGame/Materials/Tex_Wave.mat
  artifactKey: Guid(7d2eed967663a584f9a278045402212c) Importer(815301076,1909f56bfc062723c751e8b465ee728b)
Start importing Assets/EndlessGame/Materials/Tex_Wave.mat using Guid(7d2eed967663a584f9a278045402212c) Importer(815301076,1909f56bfc062723c751e8b465ee728b)  -> (artifact id: '0de33029285380d2fff9e1b1e49ec6c7') in 1.117431 seconds 
  Import took 1.139022 seconds .

========================================================================
Received Import Request.
  Time since last request: 0.000263 seconds.
  path: Assets/EndlessGame/Materials/White.mat
  artifactKey: Guid(5d0343f9a9e6aa24fbf2faf8b374d5ff) Importer(815301076,1909f56bfc062723c751e8b465ee728b)
Start importing Assets/EndlessGame/Materials/White.mat using Guid(5d0343f9a9e6aa24fbf2faf8b374d5ff) Importer(815301076,1909f56bfc062723c751e8b465ee728b)  -> (artifact id: '589f1223420cf6075160b4d92ddaac9f') in 0.049651 seconds 
  Import took 0.062234 seconds .

========================================================================
Received Import Request.
  Time since last request: 0.000407 seconds.
  path: Assets/EndlessGame/Materials/Gem.mat
  artifactKey: Guid(a5933417eb3acda4db59c5a4737a2249) Importer(815301076,1909f56bfc062723c751e8b465ee728b)
Start importing Assets/EndlessGame/Materials/Gem.mat using Guid(a5933417eb3acda4db59c5a4737a2249) Importer(815301076,1909f56bfc062723c751e8b465ee728b)  -> (artifact id: 'b6873cf1357865bacd141d158c5ce59b') in 0.043558 seconds 
  Import took 0.055493 seconds .

========================================================================
Received Import Request.
  Time since last request: 0.000328 seconds.
  path: Assets/EndlessGame/Materials/Yellow.mat
  artifactKey: Guid(695d08483789e394aa83bbe46ec8e034) Importer(815301076,1909f56bfc062723c751e8b465ee728b)
Start importing Assets/EndlessGame/Materials/Yellow.mat using Guid(695d08483789e394aa83bbe46ec8e034) Importer(815301076,1909f56bfc062723c751e8b465ee728b)  -> (artifact id: '6120ee948bafd4810879f62c3e29e6af') in 0.042165 seconds 
  Import took 0.050939 seconds .

========================================================================
Received Import Request.
  Time since last request: 0.000253 seconds.
  path: Assets/EndlessGame/Materials/Tex_PalmTree.png
  artifactKey: Guid(885bef90d8fad7f4b8e89389c2a4227f) Importer(815301076,1909f56bfc062723c751e8b465ee728b)
Start importing Assets/EndlessGame/Materials/Tex_PalmTree.png using Guid(885bef90d8fad7f4b8e89389c2a4227f) Importer(815301076,1909f56bfc062723c751e8b465ee728b)  -> (artifact id: '71a4f86f4c9fe67b44afaebc016f64f9') in 0.058283 seconds 
  Import took 0.077965 seconds .

========================================================================
Received Import Request.
  Time since last request: 0.000182 seconds.
  path: Assets/EndlessGame/Materials/Tex_Fence.png
  artifactKey: Guid(37374b71c6d88d542877a083cd043b6b) Importer(815301076,1909f56bfc062723c751e8b465ee728b)
Start importing Assets/EndlessGame/Materials/Tex_Fence.png using Guid(37374b71c6d88d542877a083cd043b6b) Importer(815301076,1909f56bfc062723c751e8b465ee728b)  -> (artifact id: 'e407b375e50fea35eb9159614771078c') in 0.020153 seconds 
  Import took 0.025508 seconds .

========================================================================
Received Import Request.
  Time since last request: 0.000347 seconds.
  path: Assets/EndlessGame/Materials/Gray.mat
  artifactKey: Guid(ef18ae7afa6a199488ff0d8442dbb361) Importer(815301076,1909f56bfc062723c751e8b465ee728b)
Start importing Assets/EndlessGame/Materials/Gray.mat using Guid(ef18ae7afa6a199488ff0d8442dbb361) Importer(815301076,1909f56bfc062723c751e8b465ee728b)  -> (artifact id: '5cc3c1ad343fbd6c0f5ab52fad2e43a9') in 0.022346 seconds 
  Import took 0.033129 seconds .

========================================================================
Received Import Request.
  Time since last request: 0.000299 seconds.
  path: Assets/EndlessGame/Materials/Tex_Fence.mat
  artifactKey: Guid(75025a468019e5c4c87c01dde7e7eb9c) Importer(815301076,1909f56bfc062723c751e8b465ee728b)
Start importing Assets/EndlessGame/Materials/Tex_Fence.mat using Guid(75025a468019e5c4c87c01dde7e7eb9c) Importer(815301076,1909f56bfc062723c751e8b465ee728b)  -> (artifact id: 'bfa174627b6af9e68b0b433fcb21a55b') in 0.034414 seconds 
  Import took 0.041577 seconds .

========================================================================
Received Import Request.
  Time since last request: 16.021816 seconds.
  path: Assets/EndlessGame/Textures/Texture003.png
  artifactKey: Guid(a64a28d60faa35241a4e9fc0df7f1340) Importer(815301076,1909f56bfc062723c751e8b465ee728b)
Start importing Assets/EndlessGame/Textures/Texture003.png using Guid(a64a28d60faa35241a4e9fc0df7f1340) Importer(815301076,1909f56bfc062723c751e8b465ee728b)  -> (artifact id: 'bf2e3e4c4b6f140a8791372660e04b12') in 0.010820 seconds 
  Import took 0.015552 seconds .

========================================================================
Received Prepare
Registering precompiled user dll's ...
Registered in 0.006820 seconds.
Begin MonoManager ReloadAssembly
Native extension for WindowsStandalone target not found
Refreshing native plugins compatible for Editor in 0.77 ms, found 2 plugins.
Preloading 0 native plugins for Editor in 0.00 ms.
Mono: successfully reloaded assembly
- Completed reload, in  1.469 seconds
Platform modules already initialized, skipping
Shader 'Universal Render Pipeline/Particles/Lit': fallback shader 'Universal Render Pipeline/Particles/SimpleLit' not found
Shader 'Universal Render Pipeline/Particles/Lit': fallback shader 'Universal Render Pipeline/Particles/SimpleLit' not found
Refreshing native plugins compatible for Editor in 1.14 ms, found 2 plugins.
Preloading 0 native plugins for Editor in 0.00 ms.
Unloading 2949 Unused Serialized files (Serialized files now loaded: 0)
System memory in use before: 126.5 MB.
System memory in use after: 124.2 MB.

Unloading 88 unused Assets to reduce memory usage. Loaded Objects now: 3529.
Total: 4.675500 ms (FindLiveObjects: 0.339500 ms CreateObjectMapping: 0.211400 ms MarkObjects: 2.788100 ms  DeleteObjects: 1.335600 ms)

AssetImportParameters requested are different than current active one (requested -> active):
  custom:framework-win-MediaFoundation: 216162199b28c13a410421893ffa2e32 -> 
  custom:video-decoder-ogg-theora: a1e56fd34408186e4bbccfd4996cb3dc -> 
  custom:container-muxer-webm: aa71ff27fc2769a1b78a27578f13a17b -> 
  custom:container-demuxer-webm: 4f35f7cbe854078d1ac9338744f61a02 -> 
  custom:container-demuxer-ogg: 62fdf1f143b41e24485cea50d1cbac27 -> 
  custom:video-encoder-webm-vp8: eb34c28f22e8b96e1ab97ce403110664 -> 
  custom:video-decoder-webm-vp8: 9c59270c3fd7afecdb556c50c9e8de78 -> 
  custom:audio-decoder-ogg-vorbis: bf7c407c2cedff20999df2af8eb42d56 -> 
  custom:audio-encoder-webm-vorbis: bf7c407c2cedff20999df2af8eb42d56 -> 
========================================================================
Received Import Request.
  Time since last request: 462.915260 seconds.
  path: Assets/EndlessGame/Prefabs
  artifactKey: Guid(d306908c59261024489ce3a91cfee1f0) Importer(815301076,1909f56bfc062723c751e8b465ee728b)
Start importing Assets/EndlessGame/Prefabs using Guid(d306908c59261024489ce3a91cfee1f0) Importer(815301076,1909f56bfc062723c751e8b465ee728b)  -> (artifact id: '5e5c40b323d4a8521b844dfd6fb224f5') in 0.018270 seconds 
  Import took 0.042818 seconds .

========================================================================
Received Import Request.
  Time since last request: 0.012819 seconds.
  path: Assets/EndlessGame/Prefabs/Ground.prefab
  artifactKey: Guid(581692562dfa038488394145284fc243) Importer(815301076,1909f56bfc062723c751e8b465ee728b)
Start importing Assets/EndlessGame/Prefabs/Ground.prefab using Guid(581692562dfa038488394145284fc243) Importer(815301076,1909f56bfc062723c751e8b465ee728b)  -> (artifact id: '549835c1f07ea6e8752774f0a9d31a0a') in 0.229560 seconds 
  Import took 0.235048 seconds .

========================================================================
Received Import Request.
  Time since last request: 0.000246 seconds.
  path: Assets/EndlessGame/Prefabs/TrafficCone.prefab
  artifactKey: Guid(2184e44fe7c109a4ebc3c229b3006348) Importer(815301076,1909f56bfc062723c751e8b465ee728b)
Start importing Assets/EndlessGame/Prefabs/TrafficCone.prefab using Guid(2184e44fe7c109a4ebc3c229b3006348) Importer(815301076,1909f56bfc062723c751e8b465ee728b)  -> (artifact id: '3884ea1e7e9aa76f33ca16f9262cbf94') in 0.022730 seconds 
  Import took 0.028547 seconds .

========================================================================
Received Import Request.
  Time since last request: 0.000362 seconds.
  path: Assets/EndlessGame/Prefabs/GroundIsland.prefab
  artifactKey: Guid(7db85e40f58dfed4f93b5f175cd57c76) Importer(815301076,1909f56bfc062723c751e8b465ee728b)
Start importing Assets/EndlessGame/Prefabs/GroundIsland.prefab using Guid(7db85e40f58dfed4f93b5f175cd57c76) Importer(815301076,1909f56bfc062723c751e8b465ee728b)  -> (artifact id: 'ec78d19799184d6904fd8753d352f732') in 0.043507 seconds 
  Import took 0.050626 seconds .

========================================================================
Received Import Request.
  Time since last request: 0.000365 seconds.
  path: Assets/EndlessGame/Prefabs/RoadWorksBarrierLow.prefab
  artifactKey: Guid(af228d2be7d29a54cbf9bf7c3ad7c0b5) Importer(815301076,1909f56bfc062723c751e8b465ee728b)
Start importing Assets/EndlessGame/Prefabs/RoadWorksBarrierLow.prefab using Guid(af228d2be7d29a54cbf9bf7c3ad7c0b5) Importer(815301076,1909f56bfc062723c751e8b465ee728b)  -> (artifact id: 'a107d8575171bff32817e2a3e852c79c') in 0.019182 seconds 
  Import took 0.029327 seconds .

========================================================================
Received Import Request.
  Time since last request: 0.000379 seconds.
  path: Assets/EndlessGame/Prefabs/Road.prefab
  artifactKey: Guid(853e283ba39a9e949b7f649a70137225) Importer(815301076,1909f56bfc062723c751e8b465ee728b)
Start importing Assets/EndlessGame/Prefabs/Road.prefab using Guid(853e283ba39a9e949b7f649a70137225) Importer(815301076,1909f56bfc062723c751e8b465ee728b)  -> (artifact id: '288eb53e2f5f6703b9534b9f02959353') in 0.026240 seconds 
  Import took 0.033528 seconds .

========================================================================
Received Import Request.
  Time since last request: 0.000246 seconds.
  path: Assets/EndlessGame/Prefabs/RoadWorksBarrierHigh.prefab
  artifactKey: Guid(29629a4790a29594f896660903004f5d) Importer(815301076,1909f56bfc062723c751e8b465ee728b)
Start importing Assets/EndlessGame/Prefabs/RoadWorksBarrierHigh.prefab using Guid(29629a4790a29594f896660903004f5d) Importer(815301076,1909f56bfc062723c751e8b465ee728b)  -> (artifact id: '3bf50c1b47446544ebb85ad3f77806ff') in 0.030080 seconds 
  Import took 0.040220 seconds .

========================================================================
Received Import Request.
  Time since last request: 0.000259 seconds.
  path: Assets/EndlessGame/Prefabs/Ground04.prefab
  artifactKey: Guid(98a6a2a65e0a3cb48a632e2ac6f8e677) Importer(815301076,1909f56bfc062723c751e8b465ee728b)
Start importing Assets/EndlessGame/Prefabs/Ground04.prefab using Guid(98a6a2a65e0a3cb48a632e2ac6f8e677) Importer(815301076,1909f56bfc062723c751e8b465ee728b)  -> (artifact id: '363390fce5f16c40cb4364c5c5c7dd63') in 0.043748 seconds 
  Import took 0.049667 seconds .

========================================================================
Received Prepare
Registering precompiled user dll's ...
Registered in 0.008736 seconds.
Begin MonoManager ReloadAssembly
Native extension for WindowsStandalone target not found
Refreshing native plugins compatible for Editor in 0.74 ms, found 2 plugins.
Preloading 0 native plugins for Editor in 0.00 ms.
Mono: successfully reloaded assembly
- Completed reload, in  1.413 seconds
Platform modules already initialized, skipping
Shader 'Universal Render Pipeline/Particles/Lit': fallback shader 'Universal Render Pipeline/Particles/SimpleLit' not found
Shader 'Universal Render Pipeline/Particles/Lit': fallback shader 'Universal Render Pipeline/Particles/SimpleLit' not found
Refreshing native plugins compatible for Editor in 0.70 ms, found 2 plugins.
Preloading 0 native plugins for Editor in 0.00 ms.
Unloading 2946 Unused Serialized files (Serialized files now loaded: 0)
System memory in use before: 126.3 MB.
System memory in use after: 124.0 MB.

Unloading 88 unused Assets to reduce memory usage. Loaded Objects now: 3580.
Total: 4.719300 ms (FindLiveObjects: 0.309900 ms CreateObjectMapping: 0.166600 ms MarkObjects: 2.685000 ms  DeleteObjects: 1.556700 ms)

AssetImportParameters requested are different than current active one (requested -> active):
  custom:framework-win-MediaFoundation: 216162199b28c13a410421893ffa2e32 -> 
  custom:video-decoder-ogg-theora: a1e56fd34408186e4bbccfd4996cb3dc -> 
  custom:container-muxer-webm: aa71ff27fc2769a1b78a27578f13a17b -> 
  custom:container-demuxer-webm: 4f35f7cbe854078d1ac9338744f61a02 -> 
  custom:container-demuxer-ogg: 62fdf1f143b41e24485cea50d1cbac27 -> 
  custom:video-encoder-webm-vp8: eb34c28f22e8b96e1ab97ce403110664 -> 
  custom:video-decoder-webm-vp8: 9c59270c3fd7afecdb556c50c9e8de78 -> 
  custom:audio-decoder-ogg-vorbis: bf7c407c2cedff20999df2af8eb42d56 -> 
  custom:audio-encoder-webm-vorbis: bf7c407c2cedff20999df2af8eb42d56 -> 
========================================================================
Received Import Request.
  Time since last request: 5.438114 seconds.
  path: Assets/EndlessGame/Prefabs/Powerup.prefab
  artifactKey: Guid(4c0bb9432ab34f84e93ff05a372c63b1) Importer(815301076,1909f56bfc062723c751e8b465ee728b)
Start importing Assets/EndlessGame/Prefabs/Powerup.prefab using Guid(4c0bb9432ab34f84e93ff05a372c63b1) Importer(815301076,1909f56bfc062723c751e8b465ee728b)  -> (artifact id: '2e3ccde46df7ca8af46c2cd4c0b9d5e0') in 0.194467 seconds 
  Import took 0.219049 seconds .

========================================================================
Received Import Request.
  Time since last request: 6661.720774 seconds.
  path: Assets/EndlessGame/Prefabs/Gems/3Gems.prefab
  artifactKey: Guid(9633b8af1c5e03b42b33a55a977ff15e) Importer(815301076,1909f56bfc062723c751e8b465ee728b)
Start importing Assets/EndlessGame/Prefabs/Gems/3Gems.prefab using Guid(9633b8af1c5e03b42b33a55a977ff15e) Importer(815301076,1909f56bfc062723c751e8b465ee728b)  -> (artifact id: 'e332104ec7f70e4b34ad39cb949edc8c') in 0.122315 seconds 
  Import took 0.144925 seconds .

========================================================================
Received Import Request.
  Time since last request: 0.000315 seconds.
  path: Assets/AddressableAssetsData/AddressableAssetSettings.asset
  artifactKey: Guid(735e874f947d0e143a6b4e83f8a7283a) Importer(815301076,1909f56bfc062723c751e8b465ee728b)
Start importing Assets/AddressableAssetsData/AddressableAssetSettings.asset using Guid(735e874f947d0e143a6b4e83f8a7283a) Importer(815301076,1909f56bfc062723c751e8b465ee728b)  -> (artifact id: 'd2af38c7460a7a5687a8cd2c3b3c13b5') in 0.031891 seconds 
  Import took 0.045428 seconds .

========================================================================
Received Import Request.
  Time since last request: 0.000234 seconds.
  path: Assets/EndlessGame/Prefabs/Gems/4Gems.prefab
  artifactKey: Guid(015b8578b406e6c47a031e359a60d26a) Importer(815301076,1909f56bfc062723c751e8b465ee728b)
Start importing Assets/EndlessGame/Prefabs/Gems/4Gems.prefab using Guid(015b8578b406e6c47a031e359a60d26a) Importer(815301076,1909f56bfc062723c751e8b465ee728b)  -> (artifact id: '7ffe6f86dfd2d0271b97f49fda161eea') in 0.028287 seconds 
  Import took 0.048850 seconds .

========================================================================
Received Import Request.
  Time since last request: 1.435583 seconds.
  path: Assets/EndlessGame/Models/character4/Aj.prefab
  artifactKey: Guid(89ba1fd5e4b5c284b8c0d6999c301b8f) Importer(815301076,1909f56bfc062723c751e8b465ee728b)
Start importing Assets/EndlessGame/Models/character4/Aj.prefab using Guid(89ba1fd5e4b5c284b8c0d6999c301b8f) Importer(815301076,1909f56bfc062723c751e8b465ee728b)  -> (artifact id: '6d1ceae11a8320838e4f27f463abb230') in 0.584544 seconds 
  Import took 0.590232 seconds .

========================================================================
Received Import Request.
  Time since last request: 0.000333 seconds.
  path: Assets/EndlessGame/Models/character4/Aj.mat
  artifactKey: Guid(260ef577edf4c2a47acee8df77239800) Importer(815301076,1909f56bfc062723c751e8b465ee728b)
Start importing Assets/EndlessGame/Models/character4/Aj.mat using Guid(260ef577edf4c2a47acee8df77239800) Importer(815301076,1909f56bfc062723c751e8b465ee728b)  -> (artifact id: '94d7c9307a1c52864614daa1f9f948ac') in 0.038724 seconds 
  Import took 0.063798 seconds .

========================================================================
Received Import Request.
  Time since last request: 0.062106 seconds.
  path: Assets/EndlessGame/Models/character4/aj.fbx
  artifactKey: Guid(9e69c22099c393146bfe1c745f3918b4) Importer(815301076,1909f56bfc062723c751e8b465ee728b)
Start importing Assets/EndlessGame/Models/character4/aj.fbx using Guid(9e69c22099c393146bfe1c745f3918b4) Importer(815301076,1909f56bfc062723c751e8b465ee728b)  -> (artifact id: 'f1592b402e3fceccfe457482ae8db02a') in 0.978105 seconds 
  Import took 1.004726 seconds .

========================================================================
Received Import Request.
  Time since last request: 0.255173 seconds.
  path: Assets/EndlessGame/Models/Wheel.fbx
  artifactKey: Guid(f06948c4ddd6f4e418f5178fa73be5c9) Importer(815301076,1909f56bfc062723c751e8b465ee728b)
Start importing Assets/EndlessGame/Models/Wheel.fbx using Guid(f06948c4ddd6f4e418f5178fa73be5c9) Importer(815301076,1909f56bfc062723c751e8b465ee728b)  -> (artifact id: '1b9a46a1997ff6f87962c32d83881d23') in 0.033016 seconds 
  Import took 0.046249 seconds .

========================================================================
Received Import Request.
  Time since last request: 0.383374 seconds.
  path: Assets/EndlessGame/Models/RoadWorksBarrierLow.fbx
  artifactKey: Guid(9fe2d17a068ea894dbcfa77f336e593a) Importer(815301076,1909f56bfc062723c751e8b465ee728b)
Start importing Assets/EndlessGame/Models/RoadWorksBarrierLow.fbx using Guid(9fe2d17a068ea894dbcfa77f336e593a) Importer(815301076,1909f56bfc062723c751e8b465ee728b)  -> (artifact id: '533a14d106d40163aaa91418dcb83f62') in 0.029340 seconds 
  Import took 0.041537 seconds .

========================================================================
Received Import Request.
  Time since last request: 20.848590 seconds.
  path: Assets/EndlessGame/Models/character4/Boy01_diffuse.jpg
  artifactKey: Guid(67dd7f6c479ee714cb3726ebc1cde5fe) Importer(815301076,1909f56bfc062723c751e8b465ee728b)
Start importing Assets/EndlessGame/Models/character4/Boy01_diffuse.jpg using Guid(67dd7f6c479ee714cb3726ebc1cde5fe) Importer(815301076,1909f56bfc062723c751e8b465ee728b)  -> (artifact id: '852b281cc44844cf3994f17b87224b47') in 0.022706 seconds 
  Import took 0.053241 seconds .

========================================================================
Received Import Request.
  Time since last request: 0.255806 seconds.
  path: Assets/AddressableAssetsData/DataBuilders/BuildScriptFastMode.asset
  artifactKey: Guid(3d84f0c55c89eba48b446fe39eec2be7) Importer(815301076,1909f56bfc062723c751e8b465ee728b)
Start importing Assets/AddressableAssetsData/DataBuilders/BuildScriptFastMode.asset using Guid(3d84f0c55c89eba48b446fe39eec2be7) Importer(815301076,1909f56bfc062723c751e8b465ee728b)  -> (artifact id: 'db3a55ad637b4ae1ac2495cbfff78cf4') in 0.014973 seconds 
  Import took 0.021856 seconds .

========================================================================
Received Import Request.
  Time since last request: 0.220493 seconds.
  path: Assets/AddressableAssetsData/DataBuilders/BuildScriptPackedMode.asset
  artifactKey: Guid(3f3ca128a86c1fc428200a21e2f190e3) Importer(815301076,1909f56bfc062723c751e8b465ee728b)
Start importing Assets/AddressableAssetsData/DataBuilders/BuildScriptPackedMode.asset using Guid(3f3ca128a86c1fc428200a21e2f190e3) Importer(815301076,1909f56bfc062723c751e8b465ee728b)  -> (artifact id: '12b87aa0285e2049e0546342dc19b8fe') in 0.015366 seconds 
  Import took 0.034681 seconds .

========================================================================
Received Import Request.
  Time since last request: 0.000352 seconds.
  path: Assets/AddressableAssetsData/DataBuilders/BuildScriptVirtualMode.asset
  artifactKey: Guid(d920bfe0779f6ae4d8ff524475b546cc) Importer(815301076,1909f56bfc062723c751e8b465ee728b)
Start importing Assets/AddressableAssetsData/DataBuilders/BuildScriptVirtualMode.asset using Guid(d920bfe0779f6ae4d8ff524475b546cc) Importer(815301076,1909f56bfc062723c751e8b465ee728b)  -> (artifact id: 'c2643c4bcff2232595ac5008260ffa71') in 0.008277 seconds 
  Import took 0.026753 seconds .

========================================================================
Received Import Request.
  Time since last request: 0.000279 seconds.
  path: Assets/AddressableAssetsData/DataBuilders/BuildScriptPackedPlayMode.asset
  artifactKey: Guid(0d312b493c3ac6b4c8abe0255be79512) Importer(815301076,1909f56bfc062723c751e8b465ee728b)
Start importing Assets/AddressableAssetsData/DataBuilders/BuildScriptPackedPlayMode.asset using Guid(0d312b493c3ac6b4c8abe0255be79512) Importer(815301076,1909f56bfc062723c751e8b465ee728b)  -> (artifact id: '3930e538accef8bc877037ac5383a6ca') in 0.035401 seconds 
  Import took 0.042265 seconds .

========================================================================
Received Import Request.
  Time since last request: 0.122871 seconds.
  path: Assets/AddressableAssetsData/AssetGroups/Built In Data.asset
  artifactKey: Guid(46a549cf223b965419395d1eb67697d5) Importer(815301076,1909f56bfc062723c751e8b465ee728b)
Start importing Assets/AddressableAssetsData/AssetGroups/Built In Data.asset using Guid(46a549cf223b965419395d1eb67697d5) Importer(815301076,1909f56bfc062723c751e8b465ee728b)  -> (artifact id: 'dc487d8b4e27143d42325d5e0545c22e') in 0.018079 seconds 
  Import took 0.032319 seconds .

========================================================================
Received Import Request.
  Time since last request: 0.000378 seconds.
  path: Assets/EndlessGame/Models/Timmy/Ch09_nonPBR.fbx
  artifactKey: Guid(650481257a73dad45b09cdfa0996a685) Importer(815301076,1909f56bfc062723c751e8b465ee728b)
Start importing Assets/EndlessGame/Models/Timmy/Ch09_nonPBR.fbx using Guid(650481257a73dad45b09cdfa0996a685) Importer(815301076,1909f56bfc062723c751e8b465ee728b)  -> (artifact id: '2785987eeadc0749aae21c61ae90b590') in 0.115816 seconds 
  Import took 0.121459 seconds .

========================================================================
Received Import Request.
  Time since last request: 0.000396 seconds.
  path: Assets/AddressableAssetsData/AssetGroups/Schemas/Built In Data_PlayerDataGroupSchema.asset
  artifactKey: Guid(445747afffef9cf4db134a87f784be25) Importer(815301076,1909f56bfc062723c751e8b465ee728b)
Start importing Assets/AddressableAssetsData/AssetGroups/Schemas/Built In Data_PlayerDataGroupSchema.asset using Guid(445747afffef9cf4db134a87f784be25) Importer(815301076,1909f56bfc062723c751e8b465ee728b)  -> (artifact id: '55b8ff887cf64b27de0abd56a87b98bd') in 0.011529 seconds 
  Import took 0.027394 seconds .

========================================================================
Received Import Request.
  Time since last request: 0.000351 seconds.
  path: Assets/EndlessGame/Models/Timmy/Ch09_1001_Diffuse.png
  artifactKey: Guid(d9c631a8a48f6bc488319fd264aa962d) Importer(815301076,1909f56bfc062723c751e8b465ee728b)
Start importing Assets/EndlessGame/Models/Timmy/Ch09_1001_Diffuse.png using Guid(d9c631a8a48f6bc488319fd264aa962d) Importer(815301076,1909f56bfc062723c751e8b465ee728b)  -> (artifact id: '9f018131f3f8f187ca2ddf6f82f5e24b') in 0.017750 seconds 
  Import took 0.025544 seconds .

========================================================================
Received Import Request.
  Time since last request: 0.813828 seconds.
  path: Assets/EndlessGame/Models/Timmy/Ch09_1001_Glossiness.png
  artifactKey: Guid(da3996e8a90b022499be3f0fb3b12277) Importer(815301076,1909f56bfc062723c751e8b465ee728b)
Start importing Assets/EndlessGame/Models/Timmy/Ch09_1001_Glossiness.png using Guid(da3996e8a90b022499be3f0fb3b12277) Importer(815301076,1909f56bfc062723c751e8b465ee728b)  -> (artifact id: '56fe1a3ae578eb96198c196379e07e1f') in 0.077652 seconds 
  Import took 0.084320 seconds .

========================================================================
Received Import Request.
  Time since last request: 0.000354 seconds.
  path: Assets/EndlessGame/Models/Doozy/Ch19_nonPBR.fbx
  artifactKey: Guid(ab919c39c6feed7478d467172bf19db7) Importer(815301076,1909f56bfc062723c751e8b465ee728b)
Start importing Assets/EndlessGame/Models/Doozy/Ch19_nonPBR.fbx using Guid(ab919c39c6feed7478d467172bf19db7) Importer(815301076,1909f56bfc062723c751e8b465ee728b)  -> (artifact id: 'b2975e5ec1ea55e0757e763a4ce5377b') in 0.189570 seconds 
  Import took 0.197733 seconds .

========================================================================
Received Import Request.
  Time since last request: 0.000300 seconds.
  path: Assets/EndlessGame/Models/Doozy/Ch19_1001_Specular.png
  artifactKey: Guid(b79302ccaff5e5446a7b96dc9d0cd36a) Importer(815301076,1909f56bfc062723c751e8b465ee728b)
Start importing Assets/EndlessGame/Models/Doozy/Ch19_1001_Specular.png using Guid(b79302ccaff5e5446a7b96dc9d0cd36a) Importer(815301076,1909f56bfc062723c751e8b465ee728b)  -> (artifact id: 'c6ff79c9876dfd841a4ef07dcb0a1eeb') in 0.060371 seconds 
  Import took 0.066584 seconds .

========================================================================
Received Import Request.
  Time since last request: 0.000288 seconds.
  path: Assets/EndlessGame/Prefabs/Tiles/Tile5.prefab
  artifactKey: Guid(6296cdf0179ba774bb3de56225d67dcb) Importer(815301076,1909f56bfc062723c751e8b465ee728b)
Start importing Assets/EndlessGame/Prefabs/Tiles/Tile5.prefab using Guid(6296cdf0179ba774bb3de56225d67dcb) Importer(815301076,1909f56bfc062723c751e8b465ee728b)  -> (artifact id: '7edf67bc4ed9ab03c01f927e8c2e5ac7') in 0.031706 seconds 
  Import took 0.060946 seconds .

========================================================================
Received Import Request.
  Time since last request: 0.000295 seconds.
  path: Assets/EndlessGame/Models/Timmy/Ch09_1001_Normal.png
  artifactKey: Guid(43935433162f93742a4ebfe16f3669fd) Importer(815301076,1909f56bfc062723c751e8b465ee728b)
Start importing Assets/EndlessGame/Models/Timmy/Ch09_1001_Normal.png using Guid(43935433162f93742a4ebfe16f3669fd) Importer(815301076,1909f56bfc062723c751e8b465ee728b)  -> (artifact id: 'fe2e6686da8c0cf9dd8bacd0002496f5') in 0.069525 seconds 
  Import took 0.098735 seconds .

========================================================================
Received Import Request.
  Time since last request: 0.000316 seconds.
  path: Assets/EndlessGame/Prefabs/Tiles/Tile3.prefab
  artifactKey: Guid(0a5c1335f6d03724d8c8ee5b131d1b5c) Importer(815301076,1909f56bfc062723c751e8b465ee728b)
Start importing Assets/EndlessGame/Prefabs/Tiles/Tile3.prefab using Guid(0a5c1335f6d03724d8c8ee5b131d1b5c) Importer(815301076,1909f56bfc062723c751e8b465ee728b)  -> (artifact id: 'e1d9e10738bbcebc09c76d4802735ec3') in 0.030139 seconds 
  Import took 0.037590 seconds .

========================================================================
Received Import Request.
  Time since last request: 0.000521 seconds.
  path: Assets/EndlessGame/Prefabs/Tiles/Tile4.prefab
  artifactKey: Guid(d6bd8149991e25e4384212eda5e9957b) Importer(815301076,1909f56bfc062723c751e8b465ee728b)
Start importing Assets/EndlessGame/Prefabs/Tiles/Tile4.prefab using Guid(d6bd8149991e25e4384212eda5e9957b) Importer(815301076,1909f56bfc062723c751e8b465ee728b)  -> (artifact id: '24a887983135b8066f9d63d4f57cd26b') in 0.030514 seconds 
  Import took 0.053258 seconds .

========================================================================
Received Import Request.
  Time since last request: 0.000324 seconds.
  path: Assets/EndlessGame/Textures/Texture008.png
  artifactKey: Guid(8ec684636edbccb49ad19be90fc93a9e) Importer(815301076,1909f56bfc062723c751e8b465ee728b)
Start importing Assets/EndlessGame/Textures/Texture008.png using Guid(8ec684636edbccb49ad19be90fc93a9e) Importer(815301076,1909f56bfc062723c751e8b465ee728b)  -> (artifact id: '6ef97f400c721419effd56ec8358eee4') in 0.024612 seconds 
  Import took 0.031998 seconds .

========================================================================
Received Import Request.
  Time since last request: 0.000221 seconds.
  path: Assets/EndlessGame/Models/Doozy/Ch19_1001_Normal.png
  artifactKey: Guid(68cac45dddf2e07418b239ff4ba79989) Importer(815301076,1909f56bfc062723c751e8b465ee728b)
Start importing Assets/EndlessGame/Models/Doozy/Ch19_1001_Normal.png using Guid(68cac45dddf2e07418b239ff4ba79989) Importer(815301076,1909f56bfc062723c751e8b465ee728b)  -> (artifact id: 'c9693a213a1bdea2dcfe05f7525f657d') in 0.060822 seconds 
  Import took 0.071723 seconds .

========================================================================
Received Import Request.
  Time since last request: 0.000276 seconds.
  path: Assets/EndlessGame/Prefabs/Tiles/Tile6.prefab
  artifactKey: Guid(bd9389deb3d5b294dab01398b5cad757) Importer(815301076,1909f56bfc062723c751e8b465ee728b)
Start importing Assets/EndlessGame/Prefabs/Tiles/Tile6.prefab using Guid(bd9389deb3d5b294dab01398b5cad757) Importer(815301076,1909f56bfc062723c751e8b465ee728b)  -> (artifact id: 'a37631c90a44d1e0befd61b10e9ccbe4') in 0.048770 seconds 
  Import took 0.056460 seconds .

========================================================================
Received Import Request.
  Time since last request: 0.000317 seconds.
  path: Assets/EndlessGame/Textures/Texture001.png
  artifactKey: Guid(ecb6c709c81fddb43b42df289b41deff) Importer(815301076,1909f56bfc062723c751e8b465ee728b)
Start importing Assets/EndlessGame/Textures/Texture001.png using Guid(ecb6c709c81fddb43b42df289b41deff) Importer(815301076,1909f56bfc062723c751e8b465ee728b)  -> (artifact id: '6fda1facd8c4042e70b002ff6bb14299') in 0.021302 seconds 
  Import took 0.028241 seconds .

========================================================================
Received Import Request.
  Time since last request: 0.000207 seconds.
  path: Assets/EndlessGame/Prefabs/Tiles/Tile2.prefab
  artifactKey: Guid(e7a4e335186b8484ca3f396f21fe30d0) Importer(815301076,1909f56bfc062723c751e8b465ee728b)
Start importing Assets/EndlessGame/Prefabs/Tiles/Tile2.prefab using Guid(e7a4e335186b8484ca3f396f21fe30d0) Importer(815301076,1909f56bfc062723c751e8b465ee728b)  -> (artifact id: '2ed1560ee36f2ced003a68c433f17678') in 0.039501 seconds 
  Import took 0.045450 seconds .

========================================================================
Received Import Request.
  Time since last request: 0.000236 seconds.
  path: Assets/EndlessGame/Textures/Texture005.png
  artifactKey: Guid(fdada28853fa50b418e425289d379671) Importer(815301076,1909f56bfc062723c751e8b465ee728b)
Start importing Assets/EndlessGame/Textures/Texture005.png using Guid(fdada28853fa50b418e425289d379671) Importer(815301076,1909f56bfc062723c751e8b465ee728b)  -> (artifact id: '93d2e7e46ec0d3fd09883f9b69ed98b8') in 0.037802 seconds 
  Import took 0.044299 seconds .

========================================================================
Received Import Request.
  Time since last request: 0.000209 seconds.
  path: Assets/EndlessGame/Models/Road.fbx
  artifactKey: Guid(143d244d3061a3b4b932d17035b81b84) Importer(815301076,1909f56bfc062723c751e8b465ee728b)
Start importing Assets/EndlessGame/Models/Road.fbx using Guid(143d244d3061a3b4b932d17035b81b84) Importer(815301076,1909f56bfc062723c751e8b465ee728b)  -> (artifact id: 'd78805cad6d236ee2bfc2002bc0876a0') in 0.034773 seconds 
  Import took 0.040572 seconds .

========================================================================
Received Import Request.
  Time since last request: 0.000215 seconds.
  path: Assets/EndlessGame/Prefabs/Players/Timmy.prefab
  artifactKey: Guid(d5a3167e52e4cc241a3144dc17657486) Importer(815301076,1909f56bfc062723c751e8b465ee728b)
Start importing Assets/EndlessGame/Prefabs/Players/Timmy.prefab using Guid(d5a3167e52e4cc241a3144dc17657486) Importer(815301076,1909f56bfc062723c751e8b465ee728b)  -> (artifact id: '81e8d0cdbf464edaedd9bf1768dc5955') in 0.069814 seconds 
  Import took 0.077633 seconds .

========================================================================
Received Import Request.
  Time since last request: 0.000184 seconds.
  path: Assets/EndlessGame/Prefabs/Tiles/Tile1.prefab
  artifactKey: Guid(babc7ad294721664fb74706df5827842) Importer(815301076,1909f56bfc062723c751e8b465ee728b)
Start importing Assets/EndlessGame/Prefabs/Tiles/Tile1.prefab using Guid(babc7ad294721664fb74706df5827842) Importer(815301076,1909f56bfc062723c751e8b465ee728b)  -> (artifact id: '5034496f729a4340600cbb6c1da0f03f') in 0.029903 seconds 
  Import took 0.054741 seconds .

========================================================================
Received Import Request.
  Time since last request: 0.000213 seconds.
  path: Assets/EndlessGame/TextMesh Pro/Resources/TMP Settings.asset
  artifactKey: Guid(3f5b5dff67a942289a9defa416b206f3) Importer(815301076,1909f56bfc062723c751e8b465ee728b)
Start importing Assets/EndlessGame/TextMesh Pro/Resources/TMP Settings.asset using Guid(3f5b5dff67a942289a9defa416b206f3) Importer(815301076,1909f56bfc062723c751e8b465ee728b)  -> (artifact id: '0b59c9c39e8dba94f5b339c306decbf7') in 0.096055 seconds 
  Import took 0.102297 seconds .

========================================================================
Received Import Request.
  Time since last request: 0.000245 seconds.
  path: Assets/EndlessGame/Textures/Texture004.png
  artifactKey: Guid(ba8f2f1940e9ddf4f963064d77008d6b) Importer(815301076,1909f56bfc062723c751e8b465ee728b)
Start importing Assets/EndlessGame/Textures/Texture004.png using Guid(ba8f2f1940e9ddf4f963064d77008d6b) Importer(815301076,1909f56bfc062723c751e8b465ee728b)  -> (artifact id: '7067ca9346689ebf8cd231fbd63d31a7') in 0.016177 seconds 
  Import took 0.022719 seconds .

========================================================================
Received Import Request.
  Time since last request: 0.000254 seconds.
  path: Assets/EndlessGame/Models/karakter_gonder.fbx
  artifactKey: Guid(e5b1b75efd0763941940759d47a2c0ad) Importer(815301076,1909f56bfc062723c751e8b465ee728b)
Start importing Assets/EndlessGame/Models/karakter_gonder.fbx using Guid(e5b1b75efd0763941940759d47a2c0ad) Importer(815301076,1909f56bfc062723c751e8b465ee728b)  -> (artifact id: 'b5d5f7d6b8d299428c9b91f6b41f4c89') in 0.090333 seconds 
  Import took 0.100012 seconds .

========================================================================
Received Import Request.
  Time since last request: 0.000208 seconds.
  path: Assets/EndlessGame/Textures/Texture002.png
  artifactKey: Guid(3fa73d892206591439476166cdc18608) Importer(815301076,1909f56bfc062723c751e8b465ee728b)
Start importing Assets/EndlessGame/Textures/Texture002.png using Guid(3fa73d892206591439476166cdc18608) Importer(815301076,1909f56bfc062723c751e8b465ee728b)  -> (artifact id: '2f1452dd1931ce32bcb833d58dcb250b') in 0.013353 seconds 
  Import took 0.019733 seconds .

========================================================================
Received Import Request.
  Time since last request: 0.000215 seconds.
  path: Assets/EndlessGame/Models/Timmy/Ch09_1001_Specular.png
  artifactKey: Guid(d87aacb0d0c58f84ca21ef7ce3c0260e) Importer(815301076,1909f56bfc062723c751e8b465ee728b)
Start importing Assets/EndlessGame/Models/Timmy/Ch09_1001_Specular.png using Guid(d87aacb0d0c58f84ca21ef7ce3c0260e) Importer(815301076,1909f56bfc062723c751e8b465ee728b)  -> (artifact id: 'c4ef31563a544e9c3c7bfeef0037edf5') in 0.048278 seconds 
  Import took 0.057814 seconds .

========================================================================
Received Import Request.
  Time since last request: 0.000261 seconds.
  path: Assets/EndlessGame/Textures/Texture009.png
  artifactKey: Guid(21c73ff568a163c40a0a5fa50b61fc87) Importer(815301076,1909f56bfc062723c751e8b465ee728b)
Start importing Assets/EndlessGame/Textures/Texture009.png using Guid(21c73ff568a163c40a0a5fa50b61fc87) Importer(815301076,1909f56bfc062723c751e8b465ee728b)  -> (artifact id: 'e62006b7447d68104075ba9352d6c650') in 0.014538 seconds 
  Import took 0.022415 seconds .

========================================================================
Received Import Request.
  Time since last request: 0.575103 seconds.
  path: Assets/EndlessGame/Models/TrafficCone.fbx
  artifactKey: Guid(23a085a1f505b564a90878adeb4ebf75) Importer(815301076,1909f56bfc062723c751e8b465ee728b)
Start importing Assets/EndlessGame/Models/TrafficCone.fbx using Guid(23a085a1f505b564a90878adeb4ebf75) Importer(815301076,1909f56bfc062723c751e8b465ee728b)  -> (artifact id: '924933053ac6506ffa5668f445111f95') in 0.029602 seconds 
  Import took 0.039364 seconds .

========================================================================
Received Import Request.
  Time since last request: 0.000330 seconds.
  path: Assets/EndlessGame/Materials/Materials/Tex_PalmTree.png
  artifactKey: Guid(c3bd64c60eacb2544952c178254a54df) Importer(815301076,1909f56bfc062723c751e8b465ee728b)
Start importing Assets/EndlessGame/Materials/Materials/Tex_PalmTree.png using Guid(c3bd64c60eacb2544952c178254a54df) Importer(815301076,1909f56bfc062723c751e8b465ee728b)  -> (artifact id: 'a25d1f8c8d1871b74599a8eeafa3096d') in 0.007339 seconds 
  Import took 0.036923 seconds .

========================================================================
Received Import Request.
  Time since last request: 0.000344 seconds.
  path: Assets/EndlessGame/Models/GroundIsland.FBX
  artifactKey: Guid(b12a7f1d5023ef4448d5a27c6d4f9d54) Importer(815301076,1909f56bfc062723c751e8b465ee728b)
Start importing Assets/EndlessGame/Models/GroundIsland.FBX using Guid(b12a7f1d5023ef4448d5a27c6d4f9d54) Importer(815301076,1909f56bfc062723c751e8b465ee728b)  -> (artifact id: '7a9b89177f4f50be134082e4e0a56227') in 0.055386 seconds 
  Import took 0.063373 seconds .

========================================================================
Received Import Request.
  Time since last request: 0.000275 seconds.
  path: Assets/EndlessGame/Models/Ground04.FBX
  artifactKey: Guid(8c3f755263ddb554baa97fdc5945d8cb) Importer(815301076,1909f56bfc062723c751e8b465ee728b)
Start importing Assets/EndlessGame/Models/Ground04.FBX using Guid(8c3f755263ddb554baa97fdc5945d8cb) Importer(815301076,1909f56bfc062723c751e8b465ee728b)  -> (artifact id: '81e5dec0db228b44560ae9738d7b46e5') in 0.052160 seconds 
  Import took 0.058839 seconds .

========================================================================
Received Import Request.
  Time since last request: 0.000324 seconds.
  path: Assets/EndlessGame/Materials/Materials/Tex_Fence.mat
  artifactKey: Guid(06d60f77ad4302646a92cee95962ca82) Importer(815301076,1909f56bfc062723c751e8b465ee728b)
Start importing Assets/EndlessGame/Materials/Materials/Tex_Fence.mat using Guid(06d60f77ad4302646a92cee95962ca82) Importer(815301076,1909f56bfc062723c751e8b465ee728b)  -> (artifact id: '9f867acc1ded934b700bcb21f66e6e42') in 0.015015 seconds 
  Import took 0.026668 seconds .

========================================================================
Received Import Request.
  Time since last request: 0.000282 seconds.
  path: Assets/EndlessGame/Materials/Materials/Tex_Ground.mat
  artifactKey: Guid(3b4f7d5dcd37a484e9d0baf717d818b7) Importer(815301076,1909f56bfc062723c751e8b465ee728b)
Start importing Assets/EndlessGame/Materials/Materials/Tex_Ground.mat using Guid(3b4f7d5dcd37a484e9d0baf717d818b7) Importer(815301076,1909f56bfc062723c751e8b465ee728b)  -> (artifact id: '99129f67f1f73db13488595a3db114e9') in 0.025764 seconds 
  Import took 0.031791 seconds .

========================================================================
Received Import Request.
  Time since last request: 0.000250 seconds.
  path: Assets/EndlessGame/Animations/Doozy/Running.fbx
  artifactKey: Guid(5901261d2499b5241a8e82567da086e5) Importer(815301076,1909f56bfc062723c751e8b465ee728b)
Start importing Assets/EndlessGame/Animations/Doozy/Running.fbx using Guid(5901261d2499b5241a8e82567da086e5) Importer(815301076,1909f56bfc062723c751e8b465ee728b)  -> (artifact id: 'e236f73bfb10806f0d5d7e88e3018291') in 0.023799 seconds 
  Import took 0.030890 seconds .

========================================================================
Received Import Request.
  Time since last request: 0.000270 seconds.
  path: Assets/EndlessGame/Materials/Materials/Tex_PalmTree.mat
  artifactKey: Guid(4a71d1f668e035a41b9543b7b36e6968) Importer(815301076,1909f56bfc062723c751e8b465ee728b)
Start importing Assets/EndlessGame/Materials/Materials/Tex_PalmTree.mat using Guid(4a71d1f668e035a41b9543b7b36e6968) Importer(815301076,1909f56bfc062723c751e8b465ee728b)  -> (artifact id: '093187556f5e31cda681d049c4ef2b31') in 0.012921 seconds 
  Import took 0.019553 seconds .

========================================================================
Received Prepare
Registering precompiled user dll's ...
Registered in 0.007326 seconds.
Begin MonoManager ReloadAssembly
Native extension for WindowsStandalone target not found
Refreshing native plugins compatible for Editor in 0.69 ms, found 2 plugins.
Preloading 0 native plugins for Editor in 0.00 ms.
Mono: successfully reloaded assembly
- Completed reload, in  1.349 seconds
Platform modules already initialized, skipping
Shader 'Universal Render Pipeline/Particles/Lit': fallback shader 'Universal Render Pipeline/Particles/SimpleLit' not found
Shader 'Universal Render Pipeline/Particles/Lit': fallback shader 'Universal Render Pipeline/Particles/SimpleLit' not found
Refreshing native plugins compatible for Editor in 0.69 ms, found 2 plugins.
Preloading 0 native plugins for Editor in 0.00 ms.
Unloading 2953 Unused Serialized files (Serialized files now loaded: 0)
System memory in use before: 128.2 MB.
System memory in use after: 125.9 MB.

Unloading 88 unused Assets to reduce memory usage. Loaded Objects now: 3645.
Total: 4.568800 ms (FindLiveObjects: 0.331800 ms CreateObjectMapping: 0.159200 ms MarkObjects: 2.827000 ms  DeleteObjects: 1.250100 ms)

AssetImportParameters requested are different than current active one (requested -> active):
  custom:framework-win-MediaFoundation: 216162199b28c13a410421893ffa2e32 -> 
  custom:video-decoder-ogg-theora: a1e56fd34408186e4bbccfd4996cb3dc -> 
  custom:container-muxer-webm: aa71ff27fc2769a1b78a27578f13a17b -> 
  custom:container-demuxer-webm: 4f35f7cbe854078d1ac9338744f61a02 -> 
  custom:container-demuxer-ogg: 62fdf1f143b41e24485cea50d1cbac27 -> 
  custom:video-encoder-webm-vp8: eb34c28f22e8b96e1ab97ce403110664 -> 
  custom:video-decoder-webm-vp8: 9c59270c3fd7afecdb556c50c9e8de78 -> 
  custom:audio-decoder-ogg-vorbis: bf7c407c2cedff20999df2af8eb42d56 -> 
  custom:audio-encoder-webm-vorbis: bf7c407c2cedff20999df2af8eb42d56 -> 
========================================================================
Received Import Request.
  Time since last request: 13.585925 seconds.
  path: Assets/EndlessGame/Prefabs/PowerupController.prefab
  artifactKey: Guid(987071ce356c67c4dadb188dd6cadba5) Importer(815301076,1909f56bfc062723c751e8b465ee728b)
Start importing Assets/EndlessGame/Prefabs/PowerupController.prefab using Guid(987071ce356c67c4dadb188dd6cadba5) Importer(815301076,1909f56bfc062723c751e8b465ee728b)  -> (artifact id: 'a8cfcfcdda450aa42ca0923920aaed3a') in 0.033351 seconds 
  Import took 0.038204 seconds .

========================================================================
Received Import Request.
  Time since last request: 57.389133 seconds.
  path: Assets/EndlessGame/Prefabs/PowerupController.prefab
  artifactKey: Guid(987071ce356c67c4dadb188dd6cadba5) Importer(815301076,1909f56bfc062723c751e8b465ee728b)
Start importing Assets/EndlessGame/Prefabs/PowerupController.prefab using Guid(987071ce356c67c4dadb188dd6cadba5) Importer(815301076,1909f56bfc062723c751e8b465ee728b)  -> (artifact id: '44ae1e8e45299b7ea25c35ff008926cf') in 0.006090 seconds 
  Import took 0.022142 seconds .

========================================================================
Received Import Request.
  Time since last request: 0.010494 seconds.
  path: Assets/EndlessGame/Prefabs/PowerupController.prefab
  artifactKey: Guid(987071ce356c67c4dadb188dd6cadba5) Importer(815301076,1909f56bfc062723c751e8b465ee728b)
Start importing Assets/EndlessGame/Prefabs/PowerupController.prefab using Guid(987071ce356c67c4dadb188dd6cadba5) Importer(815301076,1909f56bfc062723c751e8b465ee728b)  -> (artifact id: '44ae1e8e45299b7ea25c35ff008926cf') in 0.005658 seconds 
  Import took 0.016113 seconds .

========================================================================
Received Import Request.
  Time since last request: 4.776750 seconds.
  path: Assets/EndlessGame/Prefabs/Powerup.prefab
  artifactKey: Guid(4c0bb9432ab34f84e93ff05a372c63b1) Importer(815301076,1909f56bfc062723c751e8b465ee728b)
Start importing Assets/EndlessGame/Prefabs/Powerup.prefab using Guid(4c0bb9432ab34f84e93ff05a372c63b1) Importer(815301076,1909f56bfc062723c751e8b465ee728b)  -> (artifact id: '1213e7ef20efa4e6b8422f5371016390') in 0.200707 seconds 
  Import took 0.216110 seconds .

========================================================================
Received Import Request.
  Time since last request: 71.087773 seconds.
  path: Assets/EndlessGame/Prefabs/Powerup.prefab
  artifactKey: Guid(4c0bb9432ab34f84e93ff05a372c63b1) Importer(815301076,1909f56bfc062723c751e8b465ee728b)
Start importing Assets/EndlessGame/Prefabs/Powerup.prefab using Guid(4c0bb9432ab34f84e93ff05a372c63b1) Importer(815301076,1909f56bfc062723c751e8b465ee728b)  -> (artifact id: '1f2415ac481447cc1504f79b85c8214d') in 0.016262 seconds 
  Import took 0.026536 seconds .

========================================================================
Received Import Request.
  Time since last request: 0.001818 seconds.
  path: Assets/EndlessGame/Prefabs/Powerup.prefab
  artifactKey: Guid(4c0bb9432ab34f84e93ff05a372c63b1) Importer(815301076,1909f56bfc062723c751e8b465ee728b)
Start importing Assets/EndlessGame/Prefabs/Powerup.prefab using Guid(4c0bb9432ab34f84e93ff05a372c63b1) Importer(815301076,1909f56bfc062723c751e8b465ee728b)  -> (artifact id: '1f2415ac481447cc1504f79b85c8214d') in 0.013688 seconds 
  Import took 0.022157 seconds .

========================================================================
Received Import Request.
  Time since last request: 20.245508 seconds.
  path: Assets/EndlessGame/Prefabs/Powerup.prefab
  artifactKey: Guid(4c0bb9432ab34f84e93ff05a372c63b1) Importer(815301076,1909f56bfc062723c751e8b465ee728b)
Start importing Assets/EndlessGame/Prefabs/Powerup.prefab using Guid(4c0bb9432ab34f84e93ff05a372c63b1) Importer(815301076,1909f56bfc062723c751e8b465ee728b)  -> (artifact id: '03e19811db142c4b5f2b2b98a4c88263') in 0.091090 seconds 
  Import took 0.099740 seconds .

========================================================================
Received Import Request.
  Time since last request: 3.575069 seconds.
  path: Assets/EndlessGame/Prefabs/Powerup.prefab
  artifactKey: Guid(4c0bb9432ab34f84e93ff05a372c63b1) Importer(815301076,1909f56bfc062723c751e8b465ee728b)
Start importing Assets/EndlessGame/Prefabs/Powerup.prefab using Guid(4c0bb9432ab34f84e93ff05a372c63b1) Importer(815301076,1909f56bfc062723c751e8b465ee728b)  -> (artifact id: '352629bc212b029702c5af45f4a1dd4e') in 0.015321 seconds 
  Import took 0.022046 seconds .

========================================================================
Received Import Request.
  Time since last request: 0.008570 seconds.
  path: Assets/EndlessGame/Prefabs/Powerup.prefab
  artifactKey: Guid(4c0bb9432ab34f84e93ff05a372c63b1) Importer(815301076,1909f56bfc062723c751e8b465ee728b)
Start importing Assets/EndlessGame/Prefabs/Powerup.prefab using Guid(4c0bb9432ab34f84e93ff05a372c63b1) Importer(815301076,1909f56bfc062723c751e8b465ee728b)  -> (artifact id: '352629bc212b029702c5af45f4a1dd4e') in 0.022398 seconds 
  Import took 0.030827 seconds .

========================================================================
Received Import Request.
  Time since last request: 5.055605 seconds.
  path: Assets/EndlessGame/Prefabs/Powerup.prefab
  artifactKey: Guid(4c0bb9432ab34f84e93ff05a372c63b1) Importer(815301076,1909f56bfc062723c751e8b465ee728b)
Start importing Assets/EndlessGame/Prefabs/Powerup.prefab using Guid(4c0bb9432ab34f84e93ff05a372c63b1) Importer(815301076,1909f56bfc062723c751e8b465ee728b)  -> (artifact id: '85628c9485af4d123ef7c4c6db5c9227') in 0.015503 seconds 
  Import took 0.022153 seconds .

========================================================================
Received Import Request.
  Time since last request: 0.008632 seconds.
  path: Assets/EndlessGame/Prefabs/Powerup.prefab
  artifactKey: Guid(4c0bb9432ab34f84e93ff05a372c63b1) Importer(815301076,1909f56bfc062723c751e8b465ee728b)
Start importing Assets/EndlessGame/Prefabs/Powerup.prefab using Guid(4c0bb9432ab34f84e93ff05a372c63b1) Importer(815301076,1909f56bfc062723c751e8b465ee728b)  -> (artifact id: '85628c9485af4d123ef7c4c6db5c9227') in 0.014368 seconds 
  Import took 0.021570 seconds .

========================================================================
Received Prepare
Registering precompiled user dll's ...
Registered in 0.007425 seconds.
Begin MonoManager ReloadAssembly
Native extension for WindowsStandalone target not found
Refreshing native plugins compatible for Editor in 1.17 ms, found 2 plugins.
Preloading 0 native plugins for Editor in 0.00 ms.
Mono: successfully reloaded assembly
- Completed reload, in  1.680 seconds
Platform modules already initialized, skipping
Shader 'Universal Render Pipeline/Particles/Lit': fallback shader 'Universal Render Pipeline/Particles/SimpleLit' not found
Shader 'Universal Render Pipeline/Particles/Lit': fallback shader 'Universal Render Pipeline/Particles/SimpleLit' not found
Refreshing native plugins compatible for Editor in 0.95 ms, found 2 plugins.
Preloading 0 native plugins for Editor in 0.00 ms.
Unloading 2946 Unused Serialized files (Serialized files now loaded: 0)
System memory in use before: 128.1 MB.
System memory in use after: 125.9 MB.

Unloading 88 unused Assets to reduce memory usage. Loaded Objects now: 3695.
Total: 5.367200 ms (FindLiveObjects: 0.386500 ms CreateObjectMapping: 0.174000 ms MarkObjects: 2.826300 ms  DeleteObjects: 1.979100 ms)

AssetImportParameters requested are different than current active one (requested -> active):
  custom:framework-win-MediaFoundation: 216162199b28c13a410421893ffa2e32 -> 
  custom:video-decoder-ogg-theora: a1e56fd34408186e4bbccfd4996cb3dc -> 
  custom:container-muxer-webm: aa71ff27fc2769a1b78a27578f13a17b -> 
  custom:container-demuxer-webm: 4f35f7cbe854078d1ac9338744f61a02 -> 
  custom:container-demuxer-ogg: 62fdf1f143b41e24485cea50d1cbac27 -> 
  custom:video-encoder-webm-vp8: eb34c28f22e8b96e1ab97ce403110664 -> 
  custom:video-decoder-webm-vp8: 9c59270c3fd7afecdb556c50c9e8de78 -> 
  custom:audio-decoder-ogg-vorbis: bf7c407c2cedff20999df2af8eb42d56 -> 
  custom:audio-encoder-webm-vorbis: bf7c407c2cedff20999df2af8eb42d56 -> 
========================================================================
Received Import Request.
  Time since last request: 6970.148629 seconds.
  path: Assets/EndlessGame/Scripts/Powerup/Powerup.cs
  artifactKey: Guid(68121d545c7702f4bbb4c2a75781742a) Importer(815301076,1909f56bfc062723c751e8b465ee728b)
Start importing Assets/EndlessGame/Scripts/Powerup/Powerup.cs using Guid(68121d545c7702f4bbb4c2a75781742a) Importer(815301076,1909f56bfc062723c751e8b465ee728b)  -> (artifact id: '821215b5f73641e6794d2ef95d4abf31') in 0.007159 seconds 
  Import took 0.012538 seconds .

========================================================================
Received Import Request.
  Time since last request: 0.031008 seconds.
  path: Assets/EndlessGame/Scripts/Powerup/Powerup.cs
  artifactKey: Guid(68121d545c7702f4bbb4c2a75781742a) Importer(815301076,1909f56bfc062723c751e8b465ee728b)
Start importing Assets/EndlessGame/Scripts/Powerup/Powerup.cs using Guid(68121d545c7702f4bbb4c2a75781742a) Importer(815301076,1909f56bfc062723c751e8b465ee728b)  -> (artifact id: '821215b5f73641e6794d2ef95d4abf31') in 0.007859 seconds 
  Import took 0.014510 seconds .

========================================================================
Received Import Request.
  Time since last request: 0.561281 seconds.
  path: Assets/EndlessGame/Scripts/Powerup/PowerupActions.cs
  artifactKey: Guid(650479847287314409f5eac2ab6e2b0e) Importer(815301076,1909f56bfc062723c751e8b465ee728b)
Start importing Assets/EndlessGame/Scripts/Powerup/PowerupActions.cs using Guid(650479847287314409f5eac2ab6e2b0e) Importer(815301076,1909f56bfc062723c751e8b465ee728b)  -> (artifact id: 'ed624494e411e67256e8943c0e530f45') in 0.002172 seconds 
  Import took 0.040279 seconds .

========================================================================
Received Prepare
Registering precompiled user dll's ...
Registered in 0.006662 seconds.
Begin MonoManager ReloadAssembly
Native extension for WindowsStandalone target not found
Refreshing native plugins compatible for Editor in 0.91 ms, found 2 plugins.
Preloading 0 native plugins for Editor in 0.00 ms.
Mono: successfully reloaded assembly
- Completed reload, in  1.345 seconds
Platform modules already initialized, skipping
Shader 'Universal Render Pipeline/Particles/Lit': fallback shader 'Universal Render Pipeline/Particles/SimpleLit' not found
Shader 'Universal Render Pipeline/Particles/Lit': fallback shader 'Universal Render Pipeline/Particles/SimpleLit' not found
Refreshing native plugins compatible for Editor in 0.73 ms, found 2 plugins.
Preloading 0 native plugins for Editor in 0.00 ms.
Unloading 2945 Unused Serialized files (Serialized files now loaded: 0)
System memory in use before: 128.1 MB.
System memory in use after: 125.8 MB.

Unloading 89 unused Assets to reduce memory usage. Loaded Objects now: 3697.
Total: 5.416600 ms (FindLiveObjects: 0.436500 ms CreateObjectMapping: 0.173100 ms MarkObjects: 3.375100 ms  DeleteObjects: 1.430700 ms)

AssetImportParameters requested are different than current active one (requested -> active):
  custom:framework-win-MediaFoundation: 216162199b28c13a410421893ffa2e32 -> 
  custom:video-decoder-ogg-theora: a1e56fd34408186e4bbccfd4996cb3dc -> 
  custom:container-muxer-webm: aa71ff27fc2769a1b78a27578f13a17b -> 
  custom:container-demuxer-webm: 4f35f7cbe854078d1ac9338744f61a02 -> 
  custom:container-demuxer-ogg: 62fdf1f143b41e24485cea50d1cbac27 -> 
  custom:video-encoder-webm-vp8: eb34c28f22e8b96e1ab97ce403110664 -> 
  custom:video-decoder-webm-vp8: 9c59270c3fd7afecdb556c50c9e8de78 -> 
  custom:audio-decoder-ogg-vorbis: bf7c407c2cedff20999df2af8eb42d56 -> 
  custom:audio-encoder-webm-vorbis: bf7c407c2cedff20999df2af8eb42d56 -> 
========================================================================
Received Prepare
Registering precompiled user dll's ...
Registered in 0.006194 seconds.
Begin MonoManager ReloadAssembly
Native extension for WindowsStandalone target not found
Refreshing native plugins compatible for Editor in 0.76 ms, found 2 plugins.
Preloading 0 native plugins for Editor in 0.00 ms.
Mono: successfully reloaded assembly
- Completed reload, in  1.376 seconds
Platform modules already initialized, skipping
Shader 'Universal Render Pipeline/Particles/Lit': fallback shader 'Universal Render Pipeline/Particles/SimpleLit' not found
Shader 'Universal Render Pipeline/Particles/Lit': fallback shader 'Universal Render Pipeline/Particles/SimpleLit' not found
Refreshing native plugins compatible for Editor in 0.84 ms, found 2 plugins.
Preloading 0 native plugins for Editor in 0.00 ms.
Unloading 2944 Unused Serialized files (Serialized files now loaded: 0)
System memory in use before: 128.1 MB.
System memory in use after: 125.8 MB.

Unloading 89 unused Assets to reduce memory usage. Loaded Objects now: 3699.
Total: 4.816200 ms (FindLiveObjects: 0.312000 ms CreateObjectMapping: 0.157100 ms MarkObjects: 2.806900 ms  DeleteObjects: 1.539200 ms)

AssetImportParameters requested are different than current active one (requested -> active):
  custom:framework-win-MediaFoundation: 216162199b28c13a410421893ffa2e32 -> 
  custom:video-decoder-ogg-theora: a1e56fd34408186e4bbccfd4996cb3dc -> 
  custom:container-muxer-webm: aa71ff27fc2769a1b78a27578f13a17b -> 
  custom:container-demuxer-webm: 4f35f7cbe854078d1ac9338744f61a02 -> 
  custom:container-demuxer-ogg: 62fdf1f143b41e24485cea50d1cbac27 -> 
  custom:video-encoder-webm-vp8: eb34c28f22e8b96e1ab97ce403110664 -> 
  custom:video-decoder-webm-vp8: 9c59270c3fd7afecdb556c50c9e8de78 -> 
  custom:audio-decoder-ogg-vorbis: bf7c407c2cedff20999df2af8eb42d56 -> 
  custom:audio-encoder-webm-vorbis: bf7c407c2cedff20999df2af8eb42d56 -> 
========================================================================
Received Import Request.
  Time since last request: 104.573607 seconds.
  path: Assets/EndlessGame/Prefabs/Powerup.prefab
  artifactKey: Guid(4c0bb9432ab34f84e93ff05a372c63b1) Importer(815301076,1909f56bfc062723c751e8b465ee728b)
Start importing Assets/EndlessGame/Prefabs/Powerup.prefab using Guid(4c0bb9432ab34f84e93ff05a372c63b1) Importer(815301076,1909f56bfc062723c751e8b465ee728b)  -> (artifact id: 'a6bae8ac5d0fec795eb8c2c3867e4490') in 0.200012 seconds 
  Import took 0.214693 seconds .

========================================================================
Received Import Request.
  Time since last request: 0.000424 seconds.
  path: Assets/EndlessGame/Prefabs/PowerupController.prefab
  artifactKey: Guid(987071ce356c67c4dadb188dd6cadba5) Importer(815301076,1909f56bfc062723c751e8b465ee728b)
Start importing Assets/EndlessGame/Prefabs/PowerupController.prefab using Guid(987071ce356c67c4dadb188dd6cadba5) Importer(815301076,1909f56bfc062723c751e8b465ee728b)  -> (artifact id: '2ec836de98f2e33f6af3e274c17a24e4') in 0.005314 seconds 
  Import took 0.010245 seconds .

========================================================================
Received Import Request.
  Time since last request: 73.065745 seconds.
  path: Assets/EndlessGame/Prefabs/Powerup.prefab
  artifactKey: Guid(4c0bb9432ab34f84e93ff05a372c63b1) Importer(815301076,1909f56bfc062723c751e8b465ee728b)
Start importing Assets/EndlessGame/Prefabs/Powerup.prefab using Guid(4c0bb9432ab34f84e93ff05a372c63b1) Importer(815301076,1909f56bfc062723c751e8b465ee728b)  -> (artifact id: '7ea5f8d1cec1fb42e8b1450ee310c497') in 0.036153 seconds 
  Import took 0.043185 seconds .

========================================================================
Received Import Request.
  Time since last request: 0.003478 seconds.
  path: Assets/EndlessGame/Prefabs/Powerup.prefab
  artifactKey: Guid(4c0bb9432ab34f84e93ff05a372c63b1) Importer(815301076,1909f56bfc062723c751e8b465ee728b)
Start importing Assets/EndlessGame/Prefabs/Powerup.prefab using Guid(4c0bb9432ab34f84e93ff05a372c63b1) Importer(815301076,1909f56bfc062723c751e8b465ee728b)  -> (artifact id: '7ea5f8d1cec1fb42e8b1450ee310c497') in 0.027247 seconds 
  Import took 0.032642 seconds .

========================================================================
Received Import Request.
  Time since last request: 8.957335 seconds.
  path: Assets/EndlessGame/Prefabs/Tiles
  artifactKey: Guid(066f09ffd9eb39b4788a0df8cabbbca4) Importer(815301076,1909f56bfc062723c751e8b465ee728b)
Start importing Assets/EndlessGame/Prefabs/Tiles using Guid(066f09ffd9eb39b4788a0df8cabbbca4) Importer(815301076,1909f56bfc062723c751e8b465ee728b)  -> (artifact id: 'db941528d83ddc40849020ed5a59a9e6') in 0.009512 seconds 
  Import took 0.034942 seconds .

========================================================================
Received Prepare
Registering precompiled user dll's ...
Registered in 0.007396 seconds.
Begin MonoManager ReloadAssembly
Native extension for WindowsStandalone target not found
Refreshing native plugins compatible for Editor in 0.98 ms, found 2 plugins.
Preloading 0 native plugins for Editor in 0.00 ms.
Mono: successfully reloaded assembly
- Completed reload, in  1.598 seconds
Platform modules already initialized, skipping
Shader 'Universal Render Pipeline/Particles/Lit': fallback shader 'Universal Render Pipeline/Particles/SimpleLit' not found
Shader 'Universal Render Pipeline/Particles/Lit': fallback shader 'Universal Render Pipeline/Particles/SimpleLit' not found
Refreshing native plugins compatible for Editor in 0.75 ms, found 2 plugins.
Preloading 0 native plugins for Editor in 0.00 ms.
Unloading 2944 Unused Serialized files (Serialized files now loaded: 0)
System memory in use before: 128.2 MB.
System memory in use after: 125.9 MB.

Unloading 88 unused Assets to reduce memory usage. Loaded Objects now: 3749.
Total: 6.951300 ms (FindLiveObjects: 0.535000 ms CreateObjectMapping: 0.404600 ms MarkObjects: 4.345200 ms  DeleteObjects: 1.650800 ms)

AssetImportParameters requested are different than current active one (requested -> active):
  custom:framework-win-MediaFoundation: 216162199b28c13a410421893ffa2e32 -> 
  custom:video-decoder-ogg-theora: a1e56fd34408186e4bbccfd4996cb3dc -> 
  custom:container-muxer-webm: aa71ff27fc2769a1b78a27578f13a17b -> 
  custom:container-demuxer-webm: 4f35f7cbe854078d1ac9338744f61a02 -> 
  custom:container-demuxer-ogg: 62fdf1f143b41e24485cea50d1cbac27 -> 
  custom:video-encoder-webm-vp8: eb34c28f22e8b96e1ab97ce403110664 -> 
  custom:video-decoder-webm-vp8: 9c59270c3fd7afecdb556c50c9e8de78 -> 
  custom:audio-decoder-ogg-vorbis: bf7c407c2cedff20999df2af8eb42d56 -> 
  custom:audio-encoder-webm-vorbis: bf7c407c2cedff20999df2af8eb42d56 -> 
